2014-01-08 13:54:11+0800 [scrapy] INFO: Scrapy 0.20.2 started (bot: PolySpider)
2014-01-08 13:54:11+0800 [scrapy] DEBUG: Optional features available: ssl, http11, boto, django
2014-01-08 13:54:11+0800 [scrapy] DEBUG: Overridden settings: {'NEWSPIDER_MODULE': 'PolySpider.spiders', 'SPIDER_MODULES': ['PolySpider.spiders'], 'USER_AGENT': 'Mozilla/5.0 (Macintosh; Intel Mac OS X 10_8_3) AppleWebKit/536.5 (KHTML, like Gecko) Chrome/19.0.1084.54 Safari/536.5', 'DOWNLOAD_DELAY': 2, 'BOT_NAME': 'PolySpider'}
2014-01-08 13:54:11+0800 [scrapy] DEBUG: Enabled extensions: LogStats, TelnetConsole, CloseSpider, WebService, CoreStats, SpiderState
2014-01-08 13:54:11+0800 [scrapy] DEBUG: Enabled downloader middlewares: HttpAuthMiddleware, DownloadTimeoutMiddleware, UserAgentMiddleware, RetryMiddleware, DefaultHeadersMiddleware, MetaRefreshMiddleware, HttpCompressionMiddleware, RedirectMiddleware, CookiesMiddleware, ChunkedTransferMiddleware, DownloaderStats
2014-01-08 13:54:11+0800 [scrapy] DEBUG: Enabled spider middlewares: HttpErrorMiddleware, OffsiteMiddleware, RefererMiddleware, UrlLengthMiddleware, DepthMiddleware
2014-01-08 13:54:11+0800 [scrapy] DEBUG: Enabled item pipelines: PolySpiderPipeline, CategorizingPipeline, CheckAppPipeline, CheckAppDetailsPipeline, UpdateCategoryPipeline, StatusRecordPipeline
2014-01-08 13:54:11+0800 [appchina] INFO: Spider opened
2014-01-08 13:54:11+0800 [appchina] INFO: Crawled 0 pages (at 0 pages/min), scraped 0 items (at 0 items/min)
2014-01-08 13:54:11+0800 [scrapy] DEBUG: Telnet console listening on 0.0.0.0:6027
2014-01-08 13:54:11+0800 [scrapy] DEBUG: Web service listening on 0.0.0.0:6084
2014-01-08 13:54:12+0800 [appchina] DEBUG: Crawled (200) <GET http://www.appchina.com/> (referer: None)
2014-01-08 13:54:13+0800 [appchina] DEBUG: Crawled (200) <GET http://www.appchina.com/category/30.html> (referer: http://www.appchina.com/)
2014-01-08 13:54:13+0800 [appchina] DEBUG: Filtered duplicate request: <GET http://www.appchina.com/category/30.html> - no more duplicates will be shown (see DUPEFILTER_CLASS)
2014-01-08 13:54:16+0800 [appchina] DEBUG: Crawled (200) <GET http://www.appchina.com/app/com.youai.dreamonepiece.platform.yingyonghui/> (referer: http://www.appchina.com/)
2014-01-08 13:54:24+0800 [appchina] DEBUG: Scraped from <200 http://www.appchina.com/app/com.youai.dreamonepiece.platform.yingyonghui/>
	
	
2014-01-08 13:54:25+0800 [appchina] DEBUG: Crawled (200) <GET http://www.appchina.com/category/423.html> (referer: http://www.appchina.com/)
2014-01-08 13:54:27+0800 [appchina] DEBUG: Crawled (200) <GET http://www.appchina.com/category/422.html> (referer: http://www.appchina.com/)
2014-01-08 13:54:31+0800 [appchina] DEBUG: Crawled (200) <GET http://www.appchina.com/category/421.html> (referer: http://www.appchina.com/)
2014-01-08 13:54:32+0800 [appchina] DEBUG: Crawled (200) <GET http://www.appchina.com/category/420.html> (referer: http://www.appchina.com/)
2014-01-08 13:54:34+0800 [appchina] DEBUG: Crawled (200) <GET http://www.appchina.com/category/419.html> (referer: http://www.appchina.com/)
2014-01-08 13:54:36+0800 [appchina] DEBUG: Crawled (200) <GET http://www.appchina.com/category/418.html> (referer: http://www.appchina.com/)
2014-01-08 13:54:39+0800 [appchina] DEBUG: Crawled (200) <GET http://www.appchina.com/category/417.html> (referer: http://www.appchina.com/)
2014-01-08 13:54:43+0800 [appchina] DEBUG: Crawled (200) <GET http://www.appchina.com/category/416.html> (referer: http://www.appchina.com/)
2014-01-08 13:54:44+0800 [appchina] DEBUG: Crawled (200) <GET http://www.appchina.com/category/415.html> (referer: http://www.appchina.com/)
2014-01-08 13:54:47+0800 [appchina] DEBUG: Crawled (200) <GET http://www.appchina.com/category/414.html> (referer: http://www.appchina.com/)
2014-01-08 13:54:48+0800 [appchina] DEBUG: Crawled (200) <GET http://www.appchina.com/category/413.html> (referer: http://www.appchina.com/)
2014-01-08 13:54:51+0800 [appchina] DEBUG: Crawled (200) <GET http://www.appchina.com/category/412.html> (referer: http://www.appchina.com/)
2014-01-08 13:54:53+0800 [appchina] DEBUG: Crawled (200) <GET http://www.appchina.com/category/411.html> (referer: http://www.appchina.com/)
2014-01-08 13:54:55+0800 [appchina] DEBUG: Crawled (200) <GET http://www.appchina.com/category/424.html> (referer: http://www.appchina.com/)
2014-01-08 13:54:58+0800 [appchina] DEBUG: Crawled (200) <GET http://www.appchina.com/app/com.taobao.taobao/> (referer: http://www.appchina.com/)
2014-01-08 13:55:10+0800 [appchina] DEBUG: Scraped from <200 http://www.appchina.com/app/com.taobao.taobao/>
	
	
2014-01-08 13:55:11+0800 [appchina] DEBUG: Crawled (200) <GET http://www.appchina.com/app/com.mt.mtxx.mtxx/> (referer: http://www.appchina.com/category/30.html)
2014-01-08 13:55:14+0800 [appchina] DEBUG: Scraped from <200 http://www.appchina.com/app/com.mt.mtxx.mtxx/>
	
	
2014-01-08 13:55:14+0800 [appchina] INFO: Crawled 19 pages (at 19 pages/min), scraped 3 items (at 3 items/min)
2014-01-08 13:55:14+0800 [appchina] DEBUG: Crawled (200) <GET http://www.appchina.com/app/cn.kk.xyj.p8849g07/> (referer: http://www.appchina.com/app/com.youai.dreamonepiece.platform.yingyonghui/)
2014-01-08 13:55:22+0800 [appchina] DEBUG: Scraped from <200 http://www.appchina.com/app/cn.kk.xyj.p8849g07/>
	
	
2014-01-08 13:55:22+0800 [appchina] DEBUG: Crawled (200) <GET http://www.appchina.com/app/com.touch18.fkxzs.app/> (referer: http://www.appchina.com/category/423.html)
2014-01-08 13:55:24+0800 [appchina] DEBUG: Scraped from <200 http://www.appchina.com/app/com.touch18.fkxzs.app/>
	
	
2014-01-08 13:55:25+0800 [appchina] DEBUG: Crawled (200) <GET http://www.appchina.com/app/com.marvel.avengersalliance_goo/> (referer: http://www.appchina.com/category/422.html)
2014-01-08 13:55:27+0800 [appchina] DEBUG: Scraped from <200 http://www.appchina.com/app/com.marvel.avengersalliance_goo/>
	
	
2014-01-08 13:55:27+0800 [appchina] DEBUG: Crawled (200) <GET http://www.appchina.com/app/com.perfectpiano.keyboards.nylonguitar/> (referer: http://www.appchina.com/category/421.html)
2014-01-08 13:55:29+0800 [appchina] DEBUG: Scraped from <200 http://www.appchina.com/app/com.perfectpiano.keyboards.nylonguitar/>
	
	
2014-01-08 13:55:30+0800 [appchina] DEBUG: Crawled (200) <GET http://www.appchina.com/app/com.tmp.imokore_Mod/> (referer: http://www.appchina.com/category/420.html)
2014-01-08 13:55:32+0800 [appchina] DEBUG: Scraped from <200 http://www.appchina.com/app/com.tmp.imokore_Mod/>
	
	
2014-01-08 13:55:32+0800 [appchina] DEBUG: Crawled (200) <GET http://www.appchina.com/app/jp.ameba.vcard/> (referer: http://www.appchina.com/category/419.html)
2014-01-08 13:55:35+0800 [appchina] DEBUG: Scraped from <200 http://www.appchina.com/app/jp.ameba.vcard/>
	
	
2014-01-08 13:55:35+0800 [appchina] DEBUG: Crawled (200) <GET http://www.appchina.com/app/co.runner.app/> (referer: http://www.appchina.com/category/418.html)
2014-01-08 13:55:37+0800 [appchina] DEBUG: Scraped from <200 http://www.appchina.com/app/co.runner.app/>
	
	
2014-01-08 13:55:38+0800 [appchina] DEBUG: Crawled (200) <GET http://www.appchina.com/app/spikechunsoft.android428google/> (referer: http://www.appchina.com/category/417.html)
2014-01-08 13:55:40+0800 [appchina] DEBUG: Scraped from <200 http://www.appchina.com/app/spikechunsoft.android428google/>
	
	
2014-01-08 13:55:40+0800 [appchina] DEBUG: Crawled (200) <GET http://www.appchina.com/app/com.supersolid.adventuretown/> (referer: http://www.appchina.com/category/416.html)
2014-01-08 13:55:43+0800 [appchina] DEBUG: Scraped from <200 http://www.appchina.com/app/com.supersolid.adventuretown/>
	
	
2014-01-08 13:55:43+0800 [appchina] DEBUG: Crawled (200) <GET http://www.appchina.com/app/com.fundoo.carracinggame2/> (referer: http://www.appchina.com/category/415.html)
2014-01-08 13:55:56+0800 [appchina] DEBUG: Scraped from <200 http://www.appchina.com/app/com.fundoo.carracinggame2/>
	
	
2014-01-08 13:55:56+0800 [appchina] DEBUG: Crawled (200) <GET http://www.appchina.com/app/air.SalesRush/> (referer: http://www.appchina.com/category/414.html)
2014-01-08 13:55:58+0800 [appchina] DEBUG: Scraped from <200 http://www.appchina.com/app/air.SalesRush/>
	
	
2014-01-08 13:55:59+0800 [appchina] DEBUG: Crawled (200) <GET http://www.appchina.com/app/com.gao7.android.sanguonow/> (referer: http://www.appchina.com/category/413.html)
2014-01-08 13:56:01+0800 [appchina] DEBUG: Scraped from <200 http://www.appchina.com/app/com.gao7.android.sanguonow/>
	
	
2014-01-08 13:56:02+0800 [appchina] DEBUG: Crawled (200) <GET http://www.appchina.com/app/com.tpad.btw/> (referer: http://www.appchina.com/category/412.html)
2014-01-08 13:56:04+0800 [appchina] DEBUG: Scraped from <200 http://www.appchina.com/app/com.tpad.btw/>
	
	
2014-01-08 13:56:05+0800 [appchina] DEBUG: Crawled (200) <GET http://www.appchina.com/app/com.zhiqu.cn/> (referer: http://www.appchina.com/category/411.html)
2014-01-08 13:56:08+0800 [appchina] DEBUG: Scraped from <200 http://www.appchina.com/app/com.zhiqu.cn/>
	
	
2014-01-08 13:56:08+0800 [appchina] DEBUG: Crawled (200) <GET http://www.appchina.com/app/com.gameneeti.game.jellybellyblast/> (referer: http://www.appchina.com/category/424.html)
2014-01-08 13:56:11+0800 [appchina] DEBUG: Scraped from <200 http://www.appchina.com/app/com.gameneeti.game.jellybellyblast/>
	
	
2014-01-08 13:56:11+0800 [appchina] INFO: Crawled 34 pages (at 15 pages/min), scraped 18 items (at 15 items/min)
2014-01-08 13:56:12+0800 [appchina] DEBUG: Crawled (200) <GET http://www.appchina.com/app/com.tmall.wireless/> (referer: http://www.appchina.com/app/com.taobao.taobao/)
2014-01-08 13:56:14+0800 [appchina] DEBUG: Scraped from <200 http://www.appchina.com/app/com.tmall.wireless/>
	
	
2014-01-08 13:56:14+0800 [appchina] DEBUG: Crawled (200) <GET http://www.appchina.com/app/com.tinypiece.android.mlc/> (referer: http://www.appchina.com/app/com.mt.mtxx.mtxx/)
2014-01-08 13:56:16+0800 [appchina] DEBUG: Scraped from <200 http://www.appchina.com/app/com.tinypiece.android.mlc/>
	
	
2014-01-08 13:56:17+0800 [appchina] DEBUG: Crawled (200) <GET http://www.appchina.com/app/com.palmworld.valencia.official/> (referer: http://www.appchina.com/app/cn.kk.xyj.p8849g07/)
2014-01-08 13:56:19+0800 [appchina] DEBUG: Scraped from <200 http://www.appchina.com/app/com.palmworld.valencia.official/>
	
	
2014-01-08 13:56:21+0800 [appchina] DEBUG: Crawled (200) <GET http://www.appchina.com/app/com.kaixin001.crazyxxoo/> (referer: http://www.appchina.com/app/com.touch18.fkxzs.app/)
2014-01-08 13:56:23+0800 [appchina] DEBUG: Scraped from <200 http://www.appchina.com/app/com.kaixin001.crazyxxoo/>
	
	
2014-01-08 13:56:23+0800 [appchina] DEBUG: Crawled (200) <GET http://www.appchina.com/app/com.shishilian.fuchouzhelianmeng/> (referer: http://www.appchina.com/app/com.marvel.avengersalliance_goo/)
2014-01-08 13:56:26+0800 [appchina] DEBUG: Scraped from <200 http://www.appchina.com/app/com.shishilian.fuchouzhelianmeng/>
	
	
2014-01-08 13:56:26+0800 [appchina] DEBUG: Crawled (200) <GET http://www.appchina.com/app/com.baike.fczlm/> (referer: http://www.appchina.com/app/com.marvel.avengersalliance_goo/)
2014-01-08 13:56:28+0800 [appchina] DEBUG: Scraped from <200 http://www.appchina.com/app/com.baike.fczlm/>
	
	
2014-01-08 13:56:29+0800 [appchina] DEBUG: Crawled (200) <GET http://www.appchina.com/app/com.koyonplete.lajun/> (referer: http://www.appchina.com/app/com.tmp.imokore_Mod/)
2014-01-08 13:56:31+0800 [appchina] DEBUG: Scraped from <200 http://www.appchina.com/app/com.koyonplete.lajun/>
	
	
2014-01-08 13:56:31+0800 [appchina] DEBUG: Crawled (200) <GET http://www.appchina.com/app/com.appbyme.app1316/> (referer: http://www.appchina.com/app/com.tmp.imokore_Mod/)
2014-01-08 13:56:34+0800 [appchina] DEBUG: Scraped from <200 http://www.appchina.com/app/com.appbyme.app1316/>
	
	
2014-01-08 13:56:34+0800 [appchina] DEBUG: Crawled (200) <GET http://www.appchina.com/app/com.appbyme.app1313/> (referer: http://www.appchina.com/app/com.tmp.imokore_Mod/)
2014-01-08 13:56:37+0800 [appchina] DEBUG: Scraped from <200 http://www.appchina.com/app/com.appbyme.app1313/>
	
	
2014-01-08 13:56:37+0800 [appchina] DEBUG: Crawled (200) <GET http://www.appchina.com/app/com.wallpaperlive16.kik/> (referer: http://www.appchina.com/app/com.marvel.avengersalliance_goo/)
2014-01-08 13:56:39+0800 [appchina] DEBUG: Scraped from <200 http://www.appchina.com/app/com.wallpaperlive16.kik/>
	
	
2014-01-08 13:56:40+0800 [appchina] DEBUG: Crawled (200) <GET http://www.appchina.com/app/com.goplaytoday.westernstorygame/> (referer: http://www.appchina.com/app/com.supersolid.adventuretown/)
2014-01-08 13:56:42+0800 [appchina] DEBUG: Scraped from <200 http://www.appchina.com/app/com.goplaytoday.westernstorygame/>
	
	
2014-01-08 13:56:43+0800 [appchina] DEBUG: Crawled (200) <GET http://www.appchina.com/app/uk.co.kempt.KartFighter3/> (referer: http://www.appchina.com/app/com.fundoo.carracinggame2/)
2014-01-08 13:56:45+0800 [appchina] DEBUG: Scraped from <200 http://www.appchina.com/app/uk.co.kempt.KartFighter3/>
	
	
2014-01-08 13:56:45+0800 [appchina] DEBUG: Crawled (200) <GET http://www.appchina.com/app/com.monkeytouch.game.Bob/> (referer: http://www.appchina.com/app/air.SalesRush/)
2014-01-08 13:56:49+0800 [appchina] DEBUG: Scraped from <200 http://www.appchina.com/app/com.monkeytouch.game.Bob/>
	
	
2014-01-08 13:56:50+0800 [appchina] DEBUG: Crawled (200) <GET http://www.appchina.com/app/com.noodlecake.continuity/> (referer: http://www.appchina.com/app/air.SalesRush/)
2014-01-08 13:56:52+0800 [appchina] DEBUG: Scraped from <200 http://www.appchina.com/app/com.noodlecake.continuity/>
	
	
2014-01-08 13:56:52+0800 [appchina] DEBUG: Crawled (200) <GET http://www.appchina.com/app/com.gameloft.android.ANMP.GloftM4HM/> (referer: http://www.appchina.com/app/com.tpad.btw/)
2014-01-08 13:56:55+0800 [appchina] DEBUG: Scraped from <200 http://www.appchina.com/app/com.gameloft.android.ANMP.GloftM4HM/>
	
	
2014-01-08 13:56:56+0800 [appchina] DEBUG: Crawled (200) <GET http://www.appchina.com/app/com.bgames.android.bikerace/> (referer: http://www.appchina.com/app/com.fundoo.carracinggame2/)
2014-01-08 13:56:58+0800 [appchina] DEBUG: Scraped from <200 http://www.appchina.com/app/com.bgames.android.bikerace/>
	
	
2014-01-08 13:56:58+0800 [appchina] DEBUG: Crawled (200) <GET http://www.appchina.com/app/com.miniclip.MSMfree/> (referer: http://www.appchina.com/app/com.fundoo.carracinggame2/)
2014-01-08 13:57:00+0800 [appchina] DEBUG: Scraped from <200 http://www.appchina.com/app/com.miniclip.MSMfree/>
	
	
2014-01-08 13:57:00+0800 [appchina] DEBUG: Crawled (200) <GET http://www.appchina.com/app/com.aspire.mm/> (referer: http://www.appchina.com/app/com.tmall.wireless/)
2014-01-08 13:57:03+0800 [appchina] DEBUG: Scraped from <200 http://www.appchina.com/app/com.aspire.mm/>
	
	
2014-01-08 13:57:03+0800 [appchina] DEBUG: Crawled (200) <GET http://www.appchina.com/app/com.x2ware.droidlight/> (referer: http://www.appchina.com/app/com.tinypiece.android.mlc/)
2014-01-08 13:57:06+0800 [appchina] DEBUG: Scraped from <200 http://www.appchina.com/app/com.x2ware.droidlight/>
	
	
2014-01-08 13:57:07+0800 [appchina] DEBUG: Crawled (200) <GET http://www.appchina.com/app/com.chineseall.book50004855/> (referer: http://www.appchina.com/app/com.palmworld.valencia.official/)
2014-01-08 13:57:14+0800 [appchina] DEBUG: Scraped from <200 http://www.appchina.com/app/com.chineseall.book50004855/>
	
	
2014-01-08 13:57:14+0800 [appchina] INFO: Crawled 54 pages (at 20 pages/min), scraped 38 items (at 20 items/min)
2014-01-08 13:57:14+0800 [appchina] DEBUG: Crawled (200) <GET http://www.appchina.com/app/my.beautyCamera/> (referer: http://www.appchina.com/app/com.tinypiece.android.mlc/)
2014-01-08 13:57:16+0800 [appchina] DEBUG: Scraped from <200 http://www.appchina.com/app/my.beautyCamera/>
	
	
2014-01-08 13:57:16+0800 [appchina] DEBUG: Crawled (200) <GET http://www.appchina.com/app/com.qq.reader/> (referer: http://www.appchina.com/app/com.shishilian.fuchouzhelianmeng/)
2014-01-08 13:57:19+0800 [appchina] DEBUG: Scraped from <200 http://www.appchina.com/app/com.qq.reader/>
	
	
2014-01-08 13:57:19+0800 [appchina] DEBUG: Crawled (200) <GET http://www.appchina.com/app/com.baidu.yuedu/> (referer: http://www.appchina.com/app/com.baike.fczlm/)
2014-01-08 13:57:22+0800 [appchina] DEBUG: Scraped from <200 http://www.appchina.com/app/com.baidu.yuedu/>
	
	
2014-01-08 13:57:22+0800 [appchina] DEBUG: Crawled (200) <GET http://www.appchina.com/app/com.adobe.reader/> (referer: http://www.appchina.com/app/com.baike.fczlm/)
2014-01-08 13:57:24+0800 [appchina] DEBUG: Scraped from <200 http://www.appchina.com/app/com.adobe.reader/>
	
	
2014-01-08 13:57:25+0800 [appchina] DEBUG: Crawled (200) <GET http://www.appchina.com/app/com.hulutan.girl/> (referer: http://www.appchina.com/app/com.appbyme.app1316/)
2014-01-08 13:57:27+0800 [appchina] DEBUG: Scraped from <200 http://www.appchina.com/app/com.hulutan.girl/>
	
	
2014-01-08 13:57:27+0800 [appchina] DEBUG: Crawled (200) <GET http://www.appchina.com/app/com.lovebizhi.wallpaper/> (referer: http://www.appchina.com/app/com.appbyme.app1313/)
2014-01-08 13:57:30+0800 [appchina] DEBUG: Scraped from <200 http://www.appchina.com/app/com.lovebizhi.wallpaper/>
	
	
2014-01-08 13:57:30+0800 [appchina] DEBUG: Crawled (200) <GET http://www.appchina.com/app/com.cellfish.livewallpaper.marvel_avengers/> (referer: http://www.appchina.com/app/com.wallpaperlive16.kik/)
2014-01-08 13:57:33+0800 [appchina] DEBUG: Scraped from <200 http://www.appchina.com/app/com.cellfish.livewallpaper.marvel_avengers/>
	
	
2014-01-08 13:57:33+0800 [appchina] DEBUG: Crawled (200) <GET http://www.appchina.com/app/com.fuchouzhebizhi.nie/> (referer: http://www.appchina.com/app/com.wallpaperlive16.kik/)
2014-01-08 13:57:36+0800 [appchina] DEBUG: Scraped from <200 http://www.appchina.com/app/com.fuchouzhebizhi.nie/>
	
	
2014-01-08 13:57:36+0800 [appchina] DEBUG: Crawled (200) <GET http://www.appchina.com/app/com.apofiss.yangthecat/> (referer: http://www.appchina.com/app/com.appbyme.app1313/)
2014-01-08 13:57:48+0800 [appchina] DEBUG: Scraped from <200 http://www.appchina.com/app/com.apofiss.yangthecat/>
	
	
2014-01-08 13:57:49+0800 [appchina] DEBUG: Crawled (200) <GET http://www.appchina.com/app/com.perblue.bob/> (referer: http://www.appchina.com/app/com.monkeytouch.game.Bob/)
2014-01-08 13:57:57+0800 [appchina] DEBUG: Scraped from <200 http://www.appchina.com/app/com.perblue.bob/>
	
	
2014-01-08 13:57:58+0800 [appchina] DEBUG: Crawled (200) <GET http://www.appchina.com/app/com.my1net.guessidiom/> (referer: http://www.appchina.com/app/com.noodlecake.continuity/)
2014-01-08 13:58:10+0800 [appchina] DEBUG: Scraped from <200 http://www.appchina.com/app/com.my1net.guessidiom/>
	
	
2014-01-08 13:58:10+0800 [appchina] DEBUG: Crawled (200) <GET http://www.appchina.com/app/com.nubee.coinzombies/> (referer: http://www.appchina.com/app/com.noodlecake.continuity/)
2014-01-08 13:58:12+0800 [appchina] DEBUG: Scraped from <200 http://www.appchina.com/app/com.nubee.coinzombies/>
	
	
2014-01-08 13:58:12+0800 [appchina] INFO: Crawled 66 pages (at 12 pages/min), scraped 50 items (at 12 items/min)
2014-01-08 13:58:13+0800 [appchina] DEBUG: Crawled (200) <GET http://www.appchina.com/app/com.badjuju.flipriders/> (referer: http://www.appchina.com/app/com.bgames.android.bikerace/)
2014-01-08 13:58:15+0800 [appchina] DEBUG: Scraped from <200 http://www.appchina.com/app/com.badjuju.flipriders/>
	
	
2014-01-08 13:58:15+0800 [appchina] DEBUG: Crawled (200) <GET http://www.appchina.com/app/eu.zrtc.ultimatemotocross2free/> (referer: http://www.appchina.com/app/com.miniclip.MSMfree/)
2014-01-08 13:58:22+0800 [appchina] DEBUG: Scraped from <200 http://www.appchina.com/app/eu.zrtc.ultimatemotocross2free/>
	
	
2014-01-08 13:58:23+0800 [appchina] DEBUG: Crawled (200) <GET http://www.appchina.com/app/com.jiubang.bgibfj/> (referer: http://www.appchina.com/app/com.aspire.mm/)
2014-01-08 13:58:31+0800 [appchina] DEBUG: Scraped from <200 http://www.appchina.com/app/com.jiubang.bgibfj/>
	
	
2014-01-08 13:58:31+0800 [appchina] DEBUG: Crawled (200) <GET http://www.appchina.com/app/com.wochacha/> (referer: http://www.appchina.com/app/com.x2ware.droidlight/)
2014-01-08 13:58:33+0800 [appchina] DEBUG: Scraped from <200 http://www.appchina.com/app/com.wochacha/>
	
	
2014-01-08 13:58:34+0800 [appchina] DEBUG: Crawled (200) <GET http://www.appchina.com/app/com.chineseall.book321264/> (referer: http://www.appchina.com/app/com.chineseall.book50004855/)
2014-01-08 13:58:36+0800 [appchina] DEBUG: Scraped from <200 http://www.appchina.com/app/com.chineseall.book321264/>
	
	
2014-01-08 13:58:37+0800 [appchina] DEBUG: Crawled (200) <GET http://www.appchina.com/app/com.meitu.meiyancamera/> (referer: http://www.appchina.com/app/my.beautyCamera/)
2014-01-08 13:58:39+0800 [appchina] DEBUG: Scraped from <200 http://www.appchina.com/app/com.meitu.meiyancamera/>
	
	
2014-01-08 13:58:40+0800 [appchina] DEBUG: Crawled (200) <GET http://www.appchina.com/app/com.baby.song/> (referer: http://www.appchina.com/app/com.qq.reader/)
2014-01-08 13:58:42+0800 [appchina] DEBUG: Scraped from <200 http://www.appchina.com/app/com.baby.song/>
	
	
2014-01-08 13:58:42+0800 [appchina] DEBUG: Crawled (200) <GET http://www.appchina.com/app/cn.ibuka.manga.ui/> (referer: http://www.appchina.com/app/com.baidu.yuedu/)
2014-01-08 13:58:54+0800 [appchina] DEBUG: Scraped from <200 http://www.appchina.com/app/cn.ibuka.manga.ui/>
	
	
2014-01-08 13:58:55+0800 [appchina] DEBUG: Crawled (200) <GET http://www.appchina.com/app/com.heimizhou.mobpdf/> (referer: http://www.appchina.com/app/com.adobe.reader/)
2014-01-08 13:58:57+0800 [appchina] DEBUG: Scraped from <200 http://www.appchina.com/app/com.heimizhou.mobpdf/>
	
	
2014-01-08 13:58:58+0800 [appchina] DEBUG: Crawled (200) <GET http://www.appchina.com/app/com.ezhuo.theme_new_sifangmeinv/> (referer: http://www.appchina.com/app/com.hulutan.girl/)
2014-01-08 13:58:59+0800 [scrapy] INFO: Received SIGTERM, shutting down gracefully. Send again to force 
2014-01-08 13:59:00+0800 [appchina] DEBUG: Scraped from <200 http://www.appchina.com/app/com.ezhuo.theme_new_sifangmeinv/>
	
	
2014-01-08 13:59:00+0800 [appchina] INFO: Closing spider (shutdown)
2014-01-08 13:59:01+0800 [appchina] DEBUG: Crawled (200) <GET http://www.appchina.com/app/com.mobi.livewallpaper.aztzm/> (referer: http://www.appchina.com/app/com.lovebizhi.wallpaper/)
2014-01-08 13:59:03+0800 [appchina] DEBUG: Scraped from <200 http://www.appchina.com/app/com.mobi.livewallpaper.aztzm/>
	
	
2014-01-08 13:59:03+0800 [appchina] DEBUG: Crawled (200) <GET http://www.appchina.com/app/appvillage.livewallpaper.scarlettjohansson/> (referer: http://www.appchina.com/app/com.cellfish.livewallpaper.marvel_avengers/)
2014-01-08 13:59:06+0800 [appchina] DEBUG: Scraped from <200 http://www.appchina.com/app/appvillage.livewallpaper.scarlettjohansson/>
	
	
2014-01-08 13:59:06+0800 [appchina] DEBUG: Crawled (200) <GET http://www.appchina.com/category/50.html> (referer: http://www.appchina.com/app/com.cellfish.livewallpaper.marvel_avengers/)
2014-01-08 13:59:08+0800 [appchina] DEBUG: Crawled (200) <GET http://www.appchina.com/app/com.mobi.screensaver.xcd10wen/> (referer: http://www.appchina.com/app/com.apofiss.yangthecat/)
