2014-01-08 13:54:11+0800 [scrapy] INFO: Scrapy 0.20.2 started (bot: PolySpider)
2014-01-08 13:54:11+0800 [scrapy] DEBUG: Optional features available: ssl, http11, boto, django
2014-01-08 13:54:11+0800 [scrapy] DEBUG: Overridden settings: {'NEWSPIDER_MODULE': 'PolySpider.spiders', 'SPIDER_MODULES': ['PolySpider.spiders'], 'USER_AGENT': 'Mozilla/5.0 (Macintosh; Intel Mac OS X 10_8_3) AppleWebKit/536.5 (KHTML, like Gecko) Chrome/19.0.1084.54 Safari/536.5', 'DOWNLOAD_DELAY': 2, 'BOT_NAME': 'PolySpider'}
2014-01-08 13:54:11+0800 [scrapy] DEBUG: Enabled extensions: LogStats, TelnetConsole, CloseSpider, WebService, CoreStats, SpiderState
2014-01-08 13:54:11+0800 [scrapy] DEBUG: Enabled downloader middlewares: HttpAuthMiddleware, DownloadTimeoutMiddleware, UserAgentMiddleware, RetryMiddleware, DefaultHeadersMiddleware, MetaRefreshMiddleware, HttpCompressionMiddleware, RedirectMiddleware, CookiesMiddleware, ChunkedTransferMiddleware, DownloaderStats
2014-01-08 13:54:11+0800 [scrapy] DEBUG: Enabled spider middlewares: HttpErrorMiddleware, OffsiteMiddleware, RefererMiddleware, UrlLengthMiddleware, DepthMiddleware
2014-01-08 13:54:11+0800 [scrapy] DEBUG: Enabled item pipelines: PolySpiderPipeline, CategorizingPipeline, CheckAppPipeline, CheckAppDetailsPipeline, UpdateCategoryPipeline, StatusRecordPipeline
2014-01-08 13:54:11+0800 [baidu] INFO: Spider opened
2014-01-08 13:54:11+0800 [baidu] INFO: Crawled 0 pages (at 0 pages/min), scraped 0 items (at 0 items/min)
2014-01-08 13:54:11+0800 [scrapy] DEBUG: Telnet console listening on 0.0.0.0:6024
2014-01-08 13:54:11+0800 [scrapy] DEBUG: Web service listening on 0.0.0.0:6082
2014-01-08 13:54:17+0800 [baidu] DEBUG: Crawled (200) <GET http://as.baidu.com/> (referer: None)
2014-01-08 13:54:17+0800 [baidu] DEBUG: Crawled (200) <GET http://as.baidu.com/a/item?docid=5245840+&f=home_2000_0> (referer: http://as.baidu.com/)
2014-01-08 13:54:17+0800 [baidu] DEBUG: Scraped from <200 http://as.baidu.com/a/item?docid=5245840+&f=home_2000_0>
	
	
2014-01-08 13:54:17+0800 [baidu] DEBUG: Filtered duplicate request: <GET http://as.baidu.com/a/item?docid=5245840+&f=home_2000_0> - no more duplicates will be shown (see DUPEFILTER_CLASS)
2014-01-08 13:54:20+0800 [baidu] DEBUG: Crawled (200) <GET http://as.baidu.com/a/item?docid=5270459&f=home_2013_0&pos=home_2013_0&pre=web_am_indexhot> (referer: http://as.baidu.com/)
2014-01-08 13:54:21+0800 [baidu] DEBUG: Scraped from <200 http://as.baidu.com/a/item?docid=5270459&f=home_2013_0&pos=home_2013_0&pre=web_am_indexhot>
	
	
2014-01-08 13:54:23+0800 [baidu] DEBUG: Crawled (200) <GET http://as.baidu.com/a/item?docid=5310873&f=home_2011_2&pos=home_2011_2&pre=web_am_indexhot> (referer: http://as.baidu.com/)
2014-01-08 13:54:23+0800 [baidu] DEBUG: Scraped from <200 http://as.baidu.com/a/item?docid=5310873&f=home_2011_2&pos=home_2011_2&pre=web_am_indexhot>
	
	
2014-01-08 13:54:26+0800 [baidu] DEBUG: Crawled (200) <GET http://as.baidu.com/a/item?docid=5151325&f=home_2011_1&pos=home_2011_1&pre=web_am_indexhot> (referer: http://as.baidu.com/)
2014-01-08 13:54:26+0800 [baidu] DEBUG: Scraped from <200 http://as.baidu.com/a/item?docid=5151325&f=home_2011_1&pos=home_2011_1&pre=web_am_indexhot>
	
	
2014-01-08 13:54:27+0800 [baidu] DEBUG: Crawled (200) <GET http://as.baidu.com/a/item?docid=5345224&f=home_2011_0&pos=home_2011_0&pre=web_am_indexhot> (referer: http://as.baidu.com/)
2014-01-08 13:54:27+0800 [baidu] DEBUG: Scraped from <200 http://as.baidu.com/a/item?docid=5345224&f=home_2011_0&pos=home_2011_0&pre=web_am_indexhot>
	
	
2014-01-08 13:54:30+0800 [baidu] DEBUG: Crawled (200) <GET http://as.baidu.com/a/item?docid=5288582&f=home_2009_3&pos=home_2009_3&pre=web_am_indexhot> (referer: http://as.baidu.com/)
2014-01-08 13:54:30+0800 [baidu] DEBUG: Scraped from <200 http://as.baidu.com/a/item?docid=5288582&f=home_2009_3&pos=home_2009_3&pre=web_am_indexhot>
	
	
2014-01-08 13:54:32+0800 [baidu] DEBUG: Crawled (200) <GET http://as.baidu.com/a/item?docid=5321147&f=home_2009_2&pos=home_2009_2&pre=web_am_indexhot> (referer: http://as.baidu.com/)
2014-01-08 13:54:33+0800 [baidu] DEBUG: Scraped from <200 http://as.baidu.com/a/item?docid=5321147&f=home_2009_2&pos=home_2009_2&pre=web_am_indexhot>
	
	
2014-01-08 13:54:34+0800 [baidu] DEBUG: Crawled (200) <GET http://as.baidu.com/a/item?docid=5281186&f=home_2009_1&pos=home_2009_1&pre=web_am_indexhot> (referer: http://as.baidu.com/)
2014-01-08 13:54:34+0800 [baidu] DEBUG: Scraped from <200 http://as.baidu.com/a/item?docid=5281186&f=home_2009_1&pos=home_2009_1&pre=web_am_indexhot>
	
	
2014-01-08 13:54:37+0800 [baidu] DEBUG: Crawled (200) <GET http://as.baidu.com/a/item?docid=5299778&f=home_2009_0&pos=home_2009_0&pre=web_am_indexhot> (referer: http://as.baidu.com/)
2014-01-08 13:54:37+0800 [baidu] DEBUG: Scraped from <200 http://as.baidu.com/a/item?docid=5299778&f=home_2009_0&pos=home_2009_0&pre=web_am_indexhot>
	
	
2014-01-08 13:54:39+0800 [baidu] DEBUG: Crawled (200) <GET http://as.baidu.com/a/item?docid=4051726&f=home_2012_3&pos=home_2012_3&pre=web_am_indexhot> (referer: http://as.baidu.com/)
2014-01-08 13:54:39+0800 [baidu] DEBUG: Scraped from <200 http://as.baidu.com/a/item?docid=4051726&f=home_2012_3&pos=home_2012_3&pre=web_am_indexhot>
	
	
2014-01-08 13:54:41+0800 [baidu] DEBUG: Crawled (200) <GET http://as.baidu.com/a/item?docid=3364758&f=home_2012_2&pos=home_2012_2&pre=web_am_indexhot> (referer: http://as.baidu.com/)
2014-01-08 13:54:41+0800 [baidu] DEBUG: Scraped from <200 http://as.baidu.com/a/item?docid=3364758&f=home_2012_2&pos=home_2012_2&pre=web_am_indexhot>
	
	
2014-01-08 13:54:43+0800 [baidu] DEBUG: Crawled (200) <GET http://as.baidu.com/a/item?docid=5151492&f=home_2012_1&pos=home_2012_1&pre=web_am_indexhot> (referer: http://as.baidu.com/)
2014-01-08 13:54:43+0800 [baidu] DEBUG: Scraped from <200 http://as.baidu.com/a/item?docid=5151492&f=home_2012_1&pos=home_2012_1&pre=web_am_indexhot>
	
	
2014-01-08 13:54:45+0800 [baidu] DEBUG: Crawled (200) <GET http://as.baidu.com/a/item?docid=4094482&f=home_2012_0&pos=home_2012_0&pre=web_am_indexhot> (referer: http://as.baidu.com/)
2014-01-08 13:54:46+0800 [baidu] DEBUG: Scraped from <200 http://as.baidu.com/a/item?docid=4094482&f=home_2012_0&pos=home_2012_0&pre=web_am_indexhot>
	
	
2014-01-08 13:54:48+0800 [baidu] DEBUG: Crawled (200) <GET http://as.baidu.com/a/item?docid=2736932&f=home_2010_3&pos=home_2010_3&pre=web_am_indexhot> (referer: http://as.baidu.com/)
2014-01-08 13:54:49+0800 [baidu] DEBUG: Scraped from <200 http://as.baidu.com/a/item?docid=2736932&f=home_2010_3&pos=home_2010_3&pre=web_am_indexhot>
	
	
2014-01-08 13:54:51+0800 [baidu] DEBUG: Crawled (200) <GET http://as.baidu.com/a/item?docid=3895183&f=home_2010_2&pos=home_2010_2&pre=web_am_indexhot> (referer: http://as.baidu.com/)
2014-01-08 13:54:51+0800 [baidu] DEBUG: Scraped from <200 http://as.baidu.com/a/item?docid=3895183&f=home_2010_2&pos=home_2010_2&pre=web_am_indexhot>
	
	
2014-01-08 13:54:54+0800 [baidu] DEBUG: Crawled (200) <GET http://as.baidu.com/a/item?docid=4794581&f=home_2010_1&pos=home_2010_1&pre=web_am_indexhot> (referer: http://as.baidu.com/)
2014-01-08 13:54:55+0800 [baidu] DEBUG: Scraped from <200 http://as.baidu.com/a/item?docid=4794581&f=home_2010_1&pos=home_2010_1&pre=web_am_indexhot>
	
	
2014-01-08 13:54:57+0800 [baidu] DEBUG: Crawled (200) <GET http://as.baidu.com/a/cooperation> (referer: http://as.baidu.com/)
2014-01-08 13:54:59+0800 [baidu] DEBUG: Crawled (200) <GET http://as.baidu.com/a/cooperation?f=home_2000_0> (referer: http://as.baidu.com/a/item?docid=5245840+&f=home_2000_0)
2014-01-08 13:55:01+0800 [baidu] DEBUG: Crawled (200) <GET http://as.baidu.com/a/cooperation?f=home_2013_0> (referer: http://as.baidu.com/a/item?docid=5270459&f=home_2013_0&pos=home_2013_0&pre=web_am_indexhot)
2014-01-08 13:55:04+0800 [baidu] DEBUG: Crawled (200) <GET http://as.baidu.com/a/cooperation?f=home_2011_2> (referer: http://as.baidu.com/a/item?docid=5310873&f=home_2011_2&pos=home_2011_2&pre=web_am_indexhot)
2014-01-08 13:55:06+0800 [baidu] DEBUG: Crawled (200) <GET http://as.baidu.com/a/cooperation?f=home_2011_1> (referer: http://as.baidu.com/a/item?docid=5151325&f=home_2011_1&pos=home_2011_1&pre=web_am_indexhot)
2014-01-08 13:55:07+0800 [baidu] DEBUG: Crawled (200) <GET http://as.baidu.com/a/cooperation?f=home_2011_0> (referer: http://as.baidu.com/a/item?docid=5345224&f=home_2011_0&pos=home_2011_0&pre=web_am_indexhot)
2014-01-08 13:55:10+0800 [baidu] DEBUG: Crawled (200) <GET http://as.baidu.com/a/cooperation?f=home_2009_3> (referer: http://as.baidu.com/a/item?docid=5288582&f=home_2009_3&pos=home_2009_3&pre=web_am_indexhot)
2014-01-08 13:55:11+0800 [baidu] INFO: Crawled 24 pages (at 24 pages/min), scraped 16 items (at 16 items/min)
2014-01-08 13:55:12+0800 [baidu] DEBUG: Crawled (200) <GET http://as.baidu.com/a/cooperation?f=home_2009_2> (referer: http://as.baidu.com/a/item?docid=5321147&f=home_2009_2&pos=home_2009_2&pre=web_am_indexhot)
2014-01-08 13:55:14+0800 [baidu] DEBUG: Crawled (200) <GET http://as.baidu.com/a/cooperation?f=home_2009_1> (referer: http://as.baidu.com/a/item?docid=5281186&f=home_2009_1&pos=home_2009_1&pre=web_am_indexhot)
2014-01-08 13:55:17+0800 [baidu] DEBUG: Crawled (200) <GET http://as.baidu.com/a/cooperation?f=home_2009_0> (referer: http://as.baidu.com/a/item?docid=5299778&f=home_2009_0&pos=home_2009_0&pre=web_am_indexhot)
2014-01-08 13:55:20+0800 [baidu] DEBUG: Crawled (200) <GET http://as.baidu.com/a/cooperation?f=home_2012_3> (referer: http://as.baidu.com/a/item?docid=4051726&f=home_2012_3&pos=home_2012_3&pre=web_am_indexhot)
2014-01-08 13:55:23+0800 [baidu] DEBUG: Crawled (200) <GET http://as.baidu.com/a/cooperation?f=home_2012_2> (referer: http://as.baidu.com/a/item?docid=3364758&f=home_2012_2&pos=home_2012_2&pre=web_am_indexhot)
2014-01-08 13:55:25+0800 [baidu] DEBUG: Crawled (200) <GET http://as.baidu.com/a/cooperation?f=home_2012_1> (referer: http://as.baidu.com/a/item?docid=5151492&f=home_2012_1&pos=home_2012_1&pre=web_am_indexhot)
2014-01-08 13:55:27+0800 [baidu] DEBUG: Crawled (200) <GET http://as.baidu.com/a/cooperation?f=home_2012_0> (referer: http://as.baidu.com/a/item?docid=4094482&f=home_2012_0&pos=home_2012_0&pre=web_am_indexhot)
2014-01-08 13:55:30+0800 [baidu] DEBUG: Crawled (200) <GET http://as.baidu.com/a/cooperation?f=home_2010_3> (referer: http://as.baidu.com/a/item?docid=2736932&f=home_2010_3&pos=home_2010_3&pre=web_am_indexhot)
2014-01-08 13:55:32+0800 [baidu] DEBUG: Crawled (200) <GET http://as.baidu.com/a/cooperation?f=home_2010_2> (referer: http://as.baidu.com/a/item?docid=3895183&f=home_2010_2&pos=home_2010_2&pre=web_am_indexhot)
2014-01-08 13:55:35+0800 [baidu] DEBUG: Crawled (200) <GET http://as.baidu.com/a/cooperation?f=home_2010_1> (referer: http://as.baidu.com/a/item?docid=4794581&f=home_2010_1&pos=home_2010_1&pre=web_am_indexhot)
2014-01-08 13:55:37+0800 [baidu] DEBUG: Crawled (200) <GET http://as.baidu.com/a/declare?f=home_2010_1> (referer: http://as.baidu.com/a/item?docid=4794581&f=home_2010_1&pos=home_2010_1&pre=web_am_indexhot)
2014-01-08 13:55:39+0800 [baidu] DEBUG: Crawled (200) <GET http://as.baidu.com/a/appsearch?f=home_2010_1> (referer: http://as.baidu.com/a/item?docid=4794581&f=home_2010_1&pos=home_2010_1&pre=web_am_indexhot)
2014-01-08 13:55:42+0800 [baidu] DEBUG: Crawled (200) <GET http://as.baidu.com/a/topic?t=157> (referer: http://as.baidu.com/a/item?docid=4794581&f=home_2010_1&pos=home_2010_1&pre=web_am_indexhot)
2014-01-08 13:55:45+0800 [baidu] DEBUG: Crawled (200) <GET http://as.baidu.com/a/asgame?cid=402&f=home_2010_1> (referer: http://as.baidu.com/a/item?docid=4794581&f=home_2010_1&pos=home_2010_1&pre=web_am_indexhot)
2014-01-08 13:55:48+0800 [baidu] DEBUG: Crawled (200) <GET http://as.baidu.com/a/asgame?f=home_2010_1> (referer: http://as.baidu.com/a/item?docid=4794581&f=home_2010_1&pos=home_2010_1&pre=web_am_indexhot)
2014-01-08 13:55:50+0800 [baidu] DEBUG: Crawled (200) <GET http://as.baidu.com/a/bdsuite?f=home_2010_1&pre=web_am_header> (referer: http://as.baidu.com/a/item?docid=4794581&f=home_2010_1&pos=home_2010_1&pre=web_am_indexhot)
2014-01-08 13:55:52+0800 [baidu] DEBUG: Crawled (200) <GET http://as.baidu.com/a/appsearch?f=home_2010_1&pre=web_am_header> (referer: http://as.baidu.com/a/item?docid=4794581&f=home_2010_1&pos=home_2010_1&pre=web_am_indexhot)
2014-01-08 13:55:55+0800 [baidu] DEBUG: Crawled (200) <GET http://as.baidu.com/a/rank?f=home_2010_1&pre=web_am_header> (referer: http://as.baidu.com/a/item?docid=4794581&f=home_2010_1&pos=home_2010_1&pre=web_am_indexhot)
2014-01-08 13:55:57+0800 [baidu] DEBUG: Crawled (200) <GET http://as.baidu.com/a/topic?f=home_2010_1&pre=web_am_header> (referer: http://as.baidu.com/a/item?docid=4794581&f=home_2010_1&pos=home_2010_1&pre=web_am_indexhot)
2014-01-08 13:56:00+0800 [baidu] DEBUG: Crawled (200) <GET http://as.baidu.com/a/software?f=home_2010_1&pre=web_am_header> (referer: http://as.baidu.com/a/item?docid=4794581&f=home_2010_1&pos=home_2010_1&pre=web_am_indexhot)
2014-01-08 13:56:03+0800 [baidu] DEBUG: Crawled (200) <GET http://as.baidu.com/a/asgame?f=home_2010_1&pre=web_am_header> (referer: http://as.baidu.com/a/item?docid=4794581&f=home_2010_1&pos=home_2010_1&pre=web_am_indexhot)
2014-01-08 13:56:05+0800 [baidu] DEBUG: Crawled (200) <GET http://as.baidu.com/a/item?docid=4965043&f=item_3004_7_672871&pos=item_3004_7&pre=web_am_rel> (referer: http://as.baidu.com/a/item?docid=4794581&f=home_2010_1&pos=home_2010_1&pre=web_am_indexhot)
2014-01-08 13:56:05+0800 [baidu] DEBUG: Scraped from <200 http://as.baidu.com/a/item?docid=4965043&f=item_3004_7_672871&pos=item_3004_7&pre=web_am_rel>
	
	
2014-01-08 13:56:07+0800 [baidu] DEBUG: Crawled (200) <GET http://as.baidu.com/a/item?docid=5396593&f=item_3004_6_672871&pos=item_3004_6&pre=web_am_rel> (referer: http://as.baidu.com/a/item?docid=4794581&f=home_2010_1&pos=home_2010_1&pre=web_am_indexhot)
2014-01-08 13:56:08+0800 [baidu] DEBUG: Scraped from <200 http://as.baidu.com/a/item?docid=5396593&f=item_3004_6_672871&pos=item_3004_6&pre=web_am_rel>
	
	
2014-01-08 13:56:10+0800 [baidu] DEBUG: Crawled (200) <GET http://as.baidu.com/a/item?docid=5358282&f=item_3004_5_672871&pos=item_3004_5&pre=web_am_rel> (referer: http://as.baidu.com/a/item?docid=4794581&f=home_2010_1&pos=home_2010_1&pre=web_am_indexhot)
2014-01-08 13:56:10+0800 [baidu] DEBUG: Scraped from <200 http://as.baidu.com/a/item?docid=5358282&f=item_3004_5_672871&pos=item_3004_5&pre=web_am_rel>
	
	
2014-01-08 13:56:11+0800 [baidu] INFO: Crawled 48 pages (at 24 pages/min), scraped 19 items (at 3 items/min)
2014-01-08 13:56:12+0800 [baidu] DEBUG: Crawled (200) <GET http://as.baidu.com/a/item?docid=4851073&f=item_3004_4_672871&pos=item_3004_4&pre=web_am_rel> (referer: http://as.baidu.com/a/item?docid=4794581&f=home_2010_1&pos=home_2010_1&pre=web_am_indexhot)
2014-01-08 13:56:12+0800 [baidu] DEBUG: Scraped from <200 http://as.baidu.com/a/item?docid=4851073&f=item_3004_4_672871&pos=item_3004_4&pre=web_am_rel>
	
	
2014-01-08 13:56:13+0800 [baidu] DEBUG: Crawled (200) <GET http://as.baidu.com/a/item?docid=5303434&f=item_3004_3_672871&pos=item_3004_3&pre=web_am_rel> (referer: http://as.baidu.com/a/item?docid=4794581&f=home_2010_1&pos=home_2010_1&pre=web_am_indexhot)
2014-01-08 13:56:14+0800 [baidu] DEBUG: Scraped from <200 http://as.baidu.com/a/item?docid=5303434&f=item_3004_3_672871&pos=item_3004_3&pre=web_am_rel>
	
	
2014-01-08 13:56:16+0800 [baidu] DEBUG: Crawled (200) <GET http://as.baidu.com/a/item?docid=5143705&f=item_3004_2_672871&pos=item_3004_2&pre=web_am_rel> (referer: http://as.baidu.com/a/item?docid=4794581&f=home_2010_1&pos=home_2010_1&pre=web_am_indexhot)
2014-01-08 13:56:17+0800 [baidu] DEBUG: Scraped from <200 http://as.baidu.com/a/item?docid=5143705&f=item_3004_2_672871&pos=item_3004_2&pre=web_am_rel>
	
	
2014-01-08 13:56:19+0800 [baidu] DEBUG: Crawled (200) <GET http://as.baidu.com/a/item?docid=5345033&f=item_3004_1_672871&pos=item_3004_1&pre=web_am_rel> (referer: http://as.baidu.com/a/item?docid=4794581&f=home_2010_1&pos=home_2010_1&pre=web_am_indexhot)
2014-01-08 13:56:19+0800 [baidu] DEBUG: Scraped from <200 http://as.baidu.com/a/item?docid=5345033&f=item_3004_1_672871&pos=item_3004_1&pre=web_am_rel>
	
	
2014-01-08 13:56:22+0800 [baidu] DEBUG: Crawled (200) <GET http://as.baidu.com/a/bdsuite> (referer: http://as.baidu.com/a/appsearch?f=home_2010_1)
2014-01-08 13:56:25+0800 [baidu] DEBUG: Crawled (200) <GET http://as.baidu.com/a/topic?f=topic_3003_4&t=290> (referer: http://as.baidu.com/a/topic?t=157)
2014-01-08 13:56:28+0800 [baidu] DEBUG: Crawled (200) <GET http://as.baidu.com/a/item?f=asgame_1015_0&pid=736111> (referer: http://as.baidu.com/a/asgame?cid=402&f=home_2010_1)
2014-01-08 13:56:30+0800 [baidu] DEBUG: Crawled (200) <GET http://as.baidu.com/a/appsearch?f=asgame_1008_0> (referer: http://as.baidu.com/a/asgame?f=home_2010_1)
2014-01-08 13:56:33+0800 [baidu] DEBUG: Crawled (200) <GET http://as.baidu.com/a/appsearch> (referer: http://as.baidu.com/a/bdsuite?f=home_2010_1&pre=web_am_header)
2014-01-08 13:56:35+0800 [baidu] DEBUG: Crawled (200) <GET http://as.baidu.com/a/asgame?cid=102&f=home_2010_1&s=2> (referer: http://as.baidu.com/a/asgame?f=home_2010_1)
2014-01-08 13:56:37+0800 [baidu] DEBUG: Crawled (200) <GET http://as.baidu.com/a/rank?cid=500&f=home_2010_1&s=1> (referer: http://as.baidu.com/a/rank?f=home_2010_1&pre=web_am_header)
2014-01-08 13:56:39+0800 [baidu] DEBUG: Crawled (200) <GET http://as.baidu.com/a/topic?f=home_2010_1&pn=37> (referer: http://as.baidu.com/a/topic?f=home_2010_1&pre=web_am_header)
2014-01-08 13:56:42+0800 [baidu] DEBUG: Crawled (200) <GET http://as.baidu.com/a/appsearch?f=software_1008_0> (referer: http://as.baidu.com/a/software?f=home_2010_1&pre=web_am_header)
2014-01-08 13:56:45+0800 [baidu] DEBUG: Crawled (200) <GET http://as.baidu.com/a/item?docid=5395411&f=asgame_1007_9&pos=asgame_1007_9&pre=web_am_asgame> (referer: http://as.baidu.com/a/asgame?f=home_2010_1&pre=web_am_header)
2014-01-08 13:56:45+0800 [baidu] DEBUG: Scraped from <200 http://as.baidu.com/a/item?docid=5395411&f=asgame_1007_9&pos=asgame_1007_9&pre=web_am_asgame>
	
	
2014-01-08 13:56:47+0800 [baidu] DEBUG: Crawled (200) <GET http://as.baidu.com/a/cooperation?f=item_3004_7_672871> (referer: http://as.baidu.com/a/item?docid=4965043&f=item_3004_7_672871&pos=item_3004_7&pre=web_am_rel)
2014-01-08 13:56:50+0800 [baidu] DEBUG: Crawled (200) <GET http://as.baidu.com/a/cooperation?f=item_3004_6_672871> (referer: http://as.baidu.com/a/item?docid=5396593&f=item_3004_6_672871&pos=item_3004_6&pre=web_am_rel)
2014-01-08 13:56:51+0800 [baidu] DEBUG: Crawled (200) <GET http://as.baidu.com/a/cooperation?f=item_3004_5_672871> (referer: http://as.baidu.com/a/item?docid=5358282&f=item_3004_5_672871&pos=item_3004_5&pre=web_am_rel)
2014-01-08 13:56:53+0800 [baidu] DEBUG: Crawled (200) <GET http://as.baidu.com/a/cooperation?f=item_3004_4_672871> (referer: http://as.baidu.com/a/item?docid=4851073&f=item_3004_4_672871&pos=item_3004_4&pre=web_am_rel)
2014-01-08 13:56:55+0800 [baidu] DEBUG: Crawled (200) <GET http://as.baidu.com/a/cooperation?f=item_3004_3_672871> (referer: http://as.baidu.com/a/item?docid=5303434&f=item_3004_3_672871&pos=item_3004_3&pre=web_am_rel)
2014-01-08 13:56:58+0800 [baidu] DEBUG: Crawled (200) <GET http://as.baidu.com/a/cooperation?f=item_3004_2_672871> (referer: http://as.baidu.com/a/item?docid=5143705&f=item_3004_2_672871&pos=item_3004_2&pre=web_am_rel)
2014-01-08 13:57:01+0800 [baidu] DEBUG: Crawled (200) <GET http://as.baidu.com/a/cooperation?f=item_3004_1_672871> (referer: http://as.baidu.com/a/item?docid=5345033&f=item_3004_1_672871&pos=item_3004_1&pre=web_am_rel)
2014-01-08 13:57:04+0800 [baidu] DEBUG: Crawled (200) <GET http://as.baidu.com/a/declare?f=item_3004_1_672871> (referer: http://as.baidu.com/a/item?docid=5345033&f=item_3004_1_672871&pos=item_3004_1&pre=web_am_rel)
2014-01-08 13:57:06+0800 [baidu] DEBUG: Crawled (200) <GET http://as.baidu.com/a/cooperation?f=topic_3003_4> (referer: http://as.baidu.com/a/topic?f=topic_3003_4&t=290)
2014-01-08 13:57:09+0800 [baidu] DEBUG: Crawled (200) <GET http://as.baidu.com/a/cooperation?f=asgame_1015_0> (referer: http://as.baidu.com/a/item?f=asgame_1015_0&pid=736111)
2014-01-08 13:57:11+0800 [baidu] INFO: Crawled 72 pages (at 24 pages/min), scraped 24 items (at 5 items/min)
2014-01-08 13:57:12+0800 [baidu] DEBUG: Crawled (200) <GET http://as.baidu.com/a/cooperation?f=asgame_1008_0> (referer: http://as.baidu.com/a/appsearch?f=asgame_1008_0)
2014-01-08 13:57:15+0800 [baidu] DEBUG: Crawled (200) <GET http://as.baidu.com/a/declare?f=asgame_1008_0> (referer: http://as.baidu.com/a/appsearch?f=asgame_1008_0)
2014-01-08 13:57:17+0800 [baidu] DEBUG: Crawled (200) <GET http://as.baidu.com/a/asgame?cid=400&f=home_2010_1&s=2> (referer: http://as.baidu.com/a/asgame?cid=102&f=home_2010_1&s=2)
2014-01-08 13:57:20+0800 [baidu] DEBUG: Crawled (200) <GET http://as.baidu.com/a/rank?cid=500&f=home_2010_1&pn=50&s=1> (referer: http://as.baidu.com/a/rank?cid=500&f=home_2010_1&s=1)
2014-01-08 13:57:22+0800 [baidu] DEBUG: Crawled (200) <GET http://as.baidu.com/a/topic?f=home_2010_1&pn=35> (referer: http://as.baidu.com/a/topic?f=home_2010_1&pn=37)
2014-01-08 13:57:25+0800 [baidu] DEBUG: Crawled (200) <GET http://as.baidu.com/a/cooperation?f=software_1008_0> (referer: http://as.baidu.com/a/appsearch?f=software_1008_0)
2014-01-08 13:57:27+0800 [baidu] DEBUG: Crawled (200) <GET http://as.baidu.com/a/cooperation?f=asgame_1007_9> (referer: http://as.baidu.com/a/item?docid=5395411&f=asgame_1007_9&pos=asgame_1007_9&pre=web_am_asgame)
2014-01-08 13:57:30+0800 [baidu] DEBUG: Crawled (200) <GET http://as.baidu.com/a/declare?f=asgame_1007_9> (referer: http://as.baidu.com/a/item?docid=5395411&f=asgame_1007_9&pos=asgame_1007_9&pre=web_am_asgame)
2014-01-08 13:57:33+0800 [baidu] DEBUG: Crawled (200) <GET http://as.baidu.com/a/appsearch?f=asgame_1007_9> (referer: http://as.baidu.com/a/item?docid=5395411&f=asgame_1007_9&pos=asgame_1007_9&pre=web_am_asgame)
2014-01-08 13:57:35+0800 [baidu] DEBUG: Crawled (200) <GET http://as.baidu.com/a/asgame?cid=407&f=asgame_1007_9> (referer: http://as.baidu.com/a/item?docid=5395411&f=asgame_1007_9&pos=asgame_1007_9&pre=web_am_asgame)
2014-01-08 13:57:38+0800 [baidu] DEBUG: Crawled (200) <GET http://as.baidu.com/a/asgame?f=asgame_1007_9> (referer: http://as.baidu.com/a/item?docid=5395411&f=asgame_1007_9&pos=asgame_1007_9&pre=web_am_asgame)
2014-01-08 13:57:39+0800 [baidu] DEBUG: Crawled (200) <GET http://as.baidu.com/a/bdsuite?f=asgame_1007_9&pre=web_am_header> (referer: http://as.baidu.com/a/item?docid=5395411&f=asgame_1007_9&pos=asgame_1007_9&pre=web_am_asgame)
2014-01-08 13:57:42+0800 [baidu] DEBUG: Crawled (200) <GET http://as.baidu.com/a/appsearch?f=asgame_1007_9&pre=web_am_header> (referer: http://as.baidu.com/a/item?docid=5395411&f=asgame_1007_9&pos=asgame_1007_9&pre=web_am_asgame)
2014-01-08 13:57:45+0800 [baidu] DEBUG: Crawled (200) <GET http://as.baidu.com/a/rank?f=asgame_1007_9&pre=web_am_header> (referer: http://as.baidu.com/a/item?docid=5395411&f=asgame_1007_9&pos=asgame_1007_9&pre=web_am_asgame)
2014-01-08 13:57:47+0800 [baidu] DEBUG: Crawled (200) <GET http://as.baidu.com/a/topic?f=asgame_1007_9&pre=web_am_header> (referer: http://as.baidu.com/a/item?docid=5395411&f=asgame_1007_9&pos=asgame_1007_9&pre=web_am_asgame)
2014-01-08 13:57:49+0800 [baidu] DEBUG: Crawled (200) <GET http://as.baidu.com/a/software?f=asgame_1007_9&pre=web_am_header> (referer: http://as.baidu.com/a/item?docid=5395411&f=asgame_1007_9&pos=asgame_1007_9&pre=web_am_asgame)
2014-01-08 13:57:51+0800 [baidu] DEBUG: Crawled (200) <GET http://as.baidu.com/a/asgame?f=asgame_1007_9&pre=web_am_header> (referer: http://as.baidu.com/a/item?docid=5395411&f=asgame_1007_9&pos=asgame_1007_9&pre=web_am_asgame)
2014-01-08 13:57:54+0800 [baidu] DEBUG: Crawled (200) <GET http://as.baidu.com/a/bdsuite?f=asgame_1008_0&pre=web_am_header> (referer: http://as.baidu.com/a/cooperation?f=asgame_1008_0)
2014-01-08 13:57:57+0800 [baidu] DEBUG: Crawled (200) <GET http://as.baidu.com/a/appsearch?f=asgame_1008_0&pre=web_am_header> (referer: http://as.baidu.com/a/cooperation?f=asgame_1008_0)
2014-01-08 13:58:00+0800 [baidu] DEBUG: Crawled (200) <GET http://as.baidu.com/a/asgame?cid=400&f=home_2010_1&pn=66&s=2> (referer: http://as.baidu.com/a/asgame?cid=400&f=home_2010_1&s=2)
2014-01-08 13:58:02+0800 [baidu] DEBUG: Crawled (200) <GET http://as.baidu.com/a/rank?cid=500&f=home_2010_1&pn=48&s=1> (referer: http://as.baidu.com/a/rank?cid=500&f=home_2010_1&pn=50&s=1)
2014-01-08 13:58:04+0800 [baidu] DEBUG: Crawled (200) <GET http://as.baidu.com/a/topic?t=169> (referer: http://as.baidu.com/a/topic?f=home_2010_1&pn=35)
2014-01-08 13:58:07+0800 [baidu] DEBUG: Crawled (200) <GET http://as.baidu.com/a/bdsuite?f=software_1008_0&pre=web_am_header> (referer: http://as.baidu.com/a/cooperation?f=software_1008_0)
2014-01-08 13:58:10+0800 [baidu] DEBUG: Crawled (200) <GET http://as.baidu.com/a/appsearch?f=software_1008_0&pre=web_am_header> (referer: http://as.baidu.com/a/cooperation?f=software_1008_0)
2014-01-08 13:58:11+0800 [baidu] INFO: Crawled 96 pages (at 24 pages/min), scraped 24 items (at 0 items/min)
2014-01-08 13:58:13+0800 [baidu] DEBUG: Crawled (200) <GET http://as.baidu.com/a/rank?f=software_1008_0&pre=web_am_header> (referer: http://as.baidu.com/a/cooperation?f=software_1008_0)
2014-01-08 13:58:14+0800 [baidu] DEBUG: Crawled (200) <GET http://as.baidu.com/a/topic?f=software_1008_0&pre=web_am_header> (referer: http://as.baidu.com/a/cooperation?f=software_1008_0)
2014-01-08 13:58:17+0800 [baidu] DEBUG: Crawled (200) <GET http://as.baidu.com/a/asgame?cid=400&f=asgame_1007_9&s=1> (referer: http://as.baidu.com/a/asgame?cid=407&f=asgame_1007_9)
2014-01-08 13:58:17+0800 [scrapy] INFO: Received SIGTERM, shutting down gracefully. Send again to force 
2014-01-08 13:58:17+0800 [baidu] INFO: Closing spider (shutdown)
2014-01-08 13:58:19+0800 [baidu] DEBUG: Crawled (200) <GET http://as.baidu.com/a/asgame?cid=102&f=asgame_1007_9&s=2> (referer: http://as.baidu.com/a/asgame?f=asgame_1007_9)
2014-01-08 13:58:22+0800 [baidu] DEBUG: Crawled (200) <GET http://as.baidu.com/a/item?docid=5042635&f=asgame_1007_9&pos=asgame_1007_9&pre=web_am_asgame> (referer: http://as.baidu.com/a/asgame?f=asgame_1007_9)
2014-01-08 13:58:22+0800 [baidu] DEBUG: Scraped from <200 http://as.baidu.com/a/item?docid=5042635&f=asgame_1007_9&pos=asgame_1007_9&pre=web_am_asgame>
	
	
2014-01-08 13:58:23+0800 [baidu] DEBUG: Crawled (200) <GET http://as.baidu.com/a/item?docid=4395031&f=asgame_1007_8&pos=asgame_1007_8&pre=web_am_asgame> (referer: http://as.baidu.com/a/asgame?f=asgame_1007_9)
2014-01-08 13:58:24+0800 [baidu] DEBUG: Scraped from <200 http://as.baidu.com/a/item?docid=4395031&f=asgame_1007_8&pos=asgame_1007_8&pre=web_am_asgame>
	
	
2014-01-08 13:58:25+0800 [baidu] DEBUG: Crawled (200) <GET http://as.baidu.com/a/rank?cid=500&f=asgame_1007_9&s=1> (referer: http://as.baidu.com/a/rank?f=asgame_1007_9&pre=web_am_header)
2014-01-08 13:58:28+0800 [baidu] DEBUG: Crawled (200) <GET http://as.baidu.com/a/topic?f=asgame_1007_9&pn=37> (referer: http://as.baidu.com/a/topic?f=asgame_1007_9&pre=web_am_header)
