2014-01-08 13:54:11+0800 [scrapy] INFO: Scrapy 0.20.2 started (bot: PolySpider)
2014-01-08 13:54:11+0800 [scrapy] DEBUG: Optional features available: ssl, http11, boto, django
2014-01-08 13:54:11+0800 [scrapy] DEBUG: Overridden settings: {'NEWSPIDER_MODULE': 'PolySpider.spiders', 'SPIDER_MODULES': ['PolySpider.spiders'], 'USER_AGENT': 'Mozilla/5.0 (Macintosh; Intel Mac OS X 10_8_3) AppleWebKit/536.5 (KHTML, like Gecko) Chrome/19.0.1084.54 Safari/536.5', 'DOWNLOAD_DELAY': 2, 'BOT_NAME': 'PolySpider'}
2014-01-08 13:54:11+0800 [scrapy] DEBUG: Enabled extensions: LogStats, TelnetConsole, CloseSpider, WebService, CoreStats, SpiderState
2014-01-08 13:54:11+0800 [scrapy] DEBUG: Enabled downloader middlewares: HttpAuthMiddleware, DownloadTimeoutMiddleware, UserAgentMiddleware, RetryMiddleware, DefaultHeadersMiddleware, MetaRefreshMiddleware, HttpCompressionMiddleware, RedirectMiddleware, CookiesMiddleware, ChunkedTransferMiddleware, DownloaderStats
2014-01-08 13:54:11+0800 [scrapy] DEBUG: Enabled spider middlewares: HttpErrorMiddleware, OffsiteMiddleware, RefererMiddleware, UrlLengthMiddleware, DepthMiddleware
2014-01-08 13:54:11+0800 [scrapy] DEBUG: Enabled item pipelines: PolySpiderPipeline, CategorizingPipeline, CheckAppPipeline, CheckAppDetailsPipeline, UpdateCategoryPipeline, StatusRecordPipeline
2014-01-08 13:54:11+0800 [hiapk] INFO: Spider opened
2014-01-08 13:54:11+0800 [hiapk] INFO: Crawled 0 pages (at 0 pages/min), scraped 0 items (at 0 items/min)
2014-01-08 13:54:11+0800 [scrapy] DEBUG: Telnet console listening on 0.0.0.0:6026
2014-01-08 13:54:11+0800 [scrapy] DEBUG: Web service listening on 0.0.0.0:6083
2014-01-08 13:54:12+0800 [hiapk] DEBUG: Crawled (200) <GET http://apk.hiapk.com> (referer: None)
2014-01-08 13:54:14+0800 [hiapk] DEBUG: Crawled (200) <GET http://apk.hiapk.com/html/2013/12/2131133.html> (referer: http://apk.hiapk.com)
2014-01-08 13:54:16+0800 [hiapk] DEBUG: Scraped from <200 http://apk.hiapk.com/html/2013/12/2131133.html>
	
	
2014-01-08 13:54:17+0800 [hiapk] DEBUG: Crawled (200) <GET http://apk.hiapk.com/html/2014/01/2240082.html?info=&module=32> (referer: http://apk.hiapk.com)
2014-01-08 13:54:24+0800 [hiapk] DEBUG: Scraped from <200 http://apk.hiapk.com/html/2014/01/2240082.html?info=&module=32>
	
	
2014-01-08 13:54:24+0800 [hiapk] DEBUG: Crawled (200) <GET http://apk.hiapk.com/html/2014/01/2240092.html?info=&module=32> (referer: http://apk.hiapk.com)
2014-01-08 13:54:26+0800 [hiapk] DEBUG: Scraped from <200 http://apk.hiapk.com/html/2014/01/2240092.html?info=&module=32>
	
	
2014-01-08 13:54:26+0800 [hiapk] DEBUG: Crawled (200) <GET http://apk.hiapk.com/html/2014/01/2238264.html?info=&module=32> (referer: http://apk.hiapk.com)
2014-01-08 13:54:28+0800 [hiapk] DEBUG: Scraped from <200 http://apk.hiapk.com/html/2014/01/2238264.html?info=&module=32>
	
	
2014-01-08 13:54:28+0800 [hiapk] DEBUG: Crawled (200) <GET http://apk.hiapk.com/html/2014/01/2236216.html?info=&module=32> (referer: http://apk.hiapk.com)
2014-01-08 13:54:30+0800 [hiapk] DEBUG: Scraped from <200 http://apk.hiapk.com/html/2014/01/2236216.html?info=&module=32>
	
	
2014-01-08 13:54:30+0800 [hiapk] DEBUG: Crawled (200) <GET http://apk.hiapk.com/html/2014/01/2240116.html?info=&module=32> (referer: http://apk.hiapk.com)
2014-01-08 13:54:32+0800 [hiapk] DEBUG: Scraped from <200 http://apk.hiapk.com/html/2014/01/2240116.html?info=&module=32>
	
	
2014-01-08 13:54:32+0800 [hiapk] DEBUG: Crawled (200) <GET http://apk.hiapk.com/html/2014/01/2232548.html?info=&module=16> (referer: http://apk.hiapk.com)
2014-01-08 13:54:34+0800 [hiapk] DEBUG: Scraped from <200 http://apk.hiapk.com/html/2014/01/2232548.html?info=&module=16>
	
	
2014-01-08 13:54:35+0800 [hiapk] DEBUG: Crawled (200) <GET http://apk.hiapk.com/html/2014/01/2239826.html?info=&module=16> (referer: http://apk.hiapk.com)
2014-01-08 13:54:37+0800 [hiapk] DEBUG: Scraped from <200 http://apk.hiapk.com/html/2014/01/2239826.html?info=&module=16>
	
	
2014-01-08 13:54:37+0800 [hiapk] DEBUG: Crawled (200) <GET http://apk.hiapk.com/html/2014/01/2239679.html?info=&module=16> (referer: http://apk.hiapk.com)
2014-01-08 13:54:39+0800 [hiapk] DEBUG: Scraped from <200 http://apk.hiapk.com/html/2014/01/2239679.html?info=&module=16>
	
	
2014-01-08 13:54:39+0800 [hiapk] DEBUG: Crawled (200) <GET http://apk.hiapk.com/html/2014/01/2240083.html?info=&module=16> (referer: http://apk.hiapk.com)
2014-01-08 13:54:46+0800 [hiapk] DEBUG: Scraped from <200 http://apk.hiapk.com/html/2014/01/2240083.html?info=&module=16>
	
	
2014-01-08 13:54:46+0800 [hiapk] DEBUG: Crawled (200) <GET http://apk.hiapk.com/html/2014/01/2240087.html?info=&module=16> (referer: http://apk.hiapk.com)
2014-01-08 13:54:48+0800 [hiapk] DEBUG: Scraped from <200 http://apk.hiapk.com/html/2014/01/2240087.html?info=&module=16>
	
	
2014-01-08 13:54:49+0800 [hiapk] DEBUG: Crawled (200) <GET http://apk.hiapk.com/html/2014/01/2240013.html?info=&module=16> (referer: http://apk.hiapk.com)
2014-01-08 13:54:56+0800 [hiapk] DEBUG: Scraped from <200 http://apk.hiapk.com/html/2014/01/2240013.html?info=&module=16>
	
	
2014-01-08 13:54:56+0800 [hiapk] DEBUG: Crawled (200) <GET http://apk.hiapk.com/html/2014/01/2240007.html?info=&module=16> (referer: http://apk.hiapk.com)
2014-01-08 13:55:03+0800 [hiapk] DEBUG: Scraped from <200 http://apk.hiapk.com/html/2014/01/2240007.html?info=&module=16>
	
	
2014-01-08 13:55:03+0800 [hiapk] DEBUG: Crawled (200) <GET http://apk.hiapk.com/html/2014/01/2239999.html?info=&module=16> (referer: http://apk.hiapk.com)
2014-01-08 13:55:05+0800 [hiapk] DEBUG: Scraped from <200 http://apk.hiapk.com/html/2014/01/2239999.html?info=&module=16>
	
	
2014-01-08 13:55:06+0800 [hiapk] DEBUG: Crawled (200) <GET http://apk.hiapk.com/html/2014/01/2013944.html?info=&module=16> (referer: http://apk.hiapk.com)
2014-01-08 13:55:13+0800 [hiapk] DEBUG: Scraped from <200 http://apk.hiapk.com/html/2014/01/2013944.html?info=&module=16>
	
	
2014-01-08 13:55:13+0800 [hiapk] INFO: Crawled 16 pages (at 16 pages/min), scraped 15 items (at 15 items/min)
2014-01-08 13:55:13+0800 [hiapk] DEBUG: Crawled (200) <GET http://apk.hiapk.com/html/2014/01/2035953.html?info=&module=16> (referer: http://apk.hiapk.com)
2014-01-08 13:55:20+0800 [hiapk] DEBUG: Scraped from <200 http://apk.hiapk.com/html/2014/01/2035953.html?info=&module=16>
	
	
2014-01-08 13:55:20+0800 [hiapk] DEBUG: Crawled (200) <GET http://apk.hiapk.com/evaluation> (referer: http://apk.hiapk.com)
2014-01-08 13:55:20+0800 [hiapk] DEBUG: Filtered duplicate request: <GET http://apk.hiapk.com/> - no more duplicates will be shown (see DUPEFILTER_CLASS)
2014-01-08 13:55:22+0800 [hiapk] DEBUG: Crawled (200) <GET http://apk.hiapk.com/topic_354> (referer: http://apk.hiapk.com)
2014-01-08 13:55:25+0800 [hiapk] DEBUG: Crawled (200) <GET http://apk.hiapk.com/topic_360> (referer: http://apk.hiapk.com)
2014-01-08 13:55:27+0800 [hiapk] DEBUG: Crawled (200) <GET http://apk.hiapk.com/topic_234> (referer: http://apk.hiapk.com)
2014-01-08 13:55:29+0800 [hiapk] DEBUG: Crawled (200) <GET http://apk.hiapk.com/topic_352> (referer: http://apk.hiapk.com)
2014-01-08 13:55:32+0800 [hiapk] DEBUG: Crawled (200) <GET http://apk.hiapk.com/topic_74> (referer: http://apk.hiapk.com)
2014-01-08 13:55:34+0800 [hiapk] DEBUG: Crawled (200) <GET http://apk.hiapk.com/topic_151> (referer: http://apk.hiapk.com)
2014-01-08 13:55:36+0800 [hiapk] DEBUG: Crawled (200) <GET http://apk.hiapk.com/topic_177> (referer: http://apk.hiapk.com)
2014-01-08 13:55:39+0800 [hiapk] DEBUG: Crawled (200) <GET http://apk.hiapk.com/himarket> (referer: http://apk.hiapk.com)
2014-01-08 13:55:41+0800 [hiapk] DEBUG: Crawled (200) <GET http://apk.hiapk.com/tvhimarket/> (referer: http://apk.hiapk.com)
2014-01-08 13:55:43+0800 [hiapk] DEBUG: Crawled (200) <GET http://apk.hiapk.com/himarket/> (referer: http://apk.hiapk.com)
2014-01-08 13:55:46+0800 [hiapk] DEBUG: Crawled (200) <GET http://apk.hiapk.com/topics> (referer: http://apk.hiapk.com)
2014-01-08 13:55:48+0800 [hiapk] DEBUG: Crawled (200) <GET http://apk.hiapk.com/games> (referer: http://apk.hiapk.com)
2014-01-08 13:55:51+0800 [hiapk] DEBUG: Crawled (200) <GET http://apk.hiapk.com/apps> (referer: http://apk.hiapk.com)
2014-01-08 13:55:53+0800 [hiapk] DEBUG: Crawled (200) <GET http://apk.hiapk.com/Search?keyword=%25u6E38%25u620F> (referer: http://apk.hiapk.com)
2014-01-08 13:55:56+0800 [hiapk] DEBUG: Crawled (200) <GET http://apk.hiapk.com/Search?keyword=%25u6D4F%25u89C8%25u5668> (referer: http://apk.hiapk.com)
2014-01-08 13:55:58+0800 [hiapk] DEBUG: Crawled (200) <GET http://apk.hiapk.com/Search?keyword=%25u6DD8%25u7C89%25u5427> (referer: http://apk.hiapk.com)
2014-01-08 13:56:01+0800 [hiapk] DEBUG: Crawled (200) <GET http://apk.hiapk.com/evaluation_1116> (referer: http://apk.hiapk.com/evaluation)
2014-01-08 13:56:02+0800 [hiapk] DEBUG: Crawled (200) <GET http://apk.hiapk.com/topic_359> (referer: http://apk.hiapk.com/topic_354)
2014-01-08 13:56:04+0800 [hiapk] DEBUG: Crawled (200) <GET http://apk.hiapk.com/html/2013/12/2080111.html?info=LU79Vn1ZlF4odUtOAGd3kUSNr4vHew%3D%3D&module=1> (referer: http://apk.hiapk.com/topic_360)
2014-01-08 13:56:06+0800 [hiapk] DEBUG: Scraped from <200 http://apk.hiapk.com/html/2013/12/2080111.html?info=LU79Vn1ZlF4odUtOAGd3kUSNr4vHew%3D%3D&module=1>
	
	
2014-01-08 13:56:07+0800 [hiapk] DEBUG: Crawled (200) <GET http://apk.hiapk.com/html/2013/12/2136290.html?info=KHU3YnlyQ2ctTsNf&module=1> (referer: http://apk.hiapk.com/topic_234)
2014-01-08 13:56:14+0800 [hiapk] DEBUG: Scraped from <200 http://apk.hiapk.com/html/2013/12/2136290.html?info=KHU3YnlyQ2ctTsNf&module=1>
	
	
2014-01-08 13:56:14+0800 [hiapk] INFO: Crawled 38 pages (at 22 pages/min), scraped 18 items (at 3 items/min)
2014-01-08 13:56:14+0800 [hiapk] DEBUG: Crawled (200) <GET http://apk.hiapk.com/html/2013/08/1761478.html?info=MgAwADEAMwB0XqZeAGdzTzhuD2I%3D&module=1> (referer: http://apk.hiapk.com/topic_352)
2014-01-08 13:56:16+0800 [hiapk] DEBUG: Scraped from <200 http://apk.hiapk.com/html/2013/08/1761478.html?info=MgAwADEAMwB0XqZeAGdzTzhuD2I%3D&module=1>
	
	
2014-01-08 13:56:16+0800 [hiapk] DEBUG: Crawled (200) <GET http://apk.hiapk.com/html/2014/01/2220162.html?info=xYg6Z8VfB1k%3D&module=1> (referer: http://apk.hiapk.com/topic_74)
2014-01-08 13:56:18+0800 [hiapk] DEBUG: Scraped from <200 http://apk.hiapk.com/html/2014/01/2220162.html?info=xYg6Z8VfB1k%3D&module=1>
	
	
2014-01-08 13:56:18+0800 [hiapk] DEBUG: Crawled (200) <GET http://apk.hiapk.com/html/2014/01/2226861.html?info=AE5oVLBlEJU4bg9ivnwJkA%3D%3D&module=1> (referer: http://apk.hiapk.com/topic_151)
2014-01-08 13:56:20+0800 [hiapk] DEBUG: Scraped from <200 http://apk.hiapk.com/html/2014/01/2226861.html?info=AE5oVLBlEJU4bg9ivnwJkA%3D%3D&module=1>
	
	
2014-01-08 13:56:21+0800 [hiapk] DEBUG: Crawled (200) <GET http://apk.hiapk.com/html/2013/12/2209877.html?info=7HK2W5aZ0VM%3D&module=1> (referer: http://apk.hiapk.com/topic_177)
2014-01-08 13:56:22+0800 [hiapk] DEBUG: Scraped from <200 http://apk.hiapk.com/html/2013/12/2209877.html?info=7HK2W5aZ0VM%3D&module=1>
	
	
2014-01-08 13:56:23+0800 [hiapk] DEBUG: Crawled (200) <GET http://apk.hiapk.com/tvhimarket> (referer: http://apk.hiapk.com/himarket)
2014-01-08 13:56:26+0800 [hiapk] DEBUG: Crawled (200) <GET http://apk.hiapk.com/html/2014/01/2231108.html?info=7HK2W5aZ0VM%3D&module=1> (referer: http://apk.hiapk.com/topic_177)
2014-01-08 13:56:28+0800 [hiapk] DEBUG: Scraped from <200 http://apk.hiapk.com/html/2014/01/2231108.html?info=7HK2W5aZ0VM%3D&module=1>
	
	
2014-01-08 13:56:29+0800 [hiapk] DEBUG: Crawled (200) <GET http://apk.hiapk.com/html/2014/01/2226883.html?info=7HK2W5aZ0VM%3D&module=1> (referer: http://apk.hiapk.com/topic_177)
2014-01-08 13:56:31+0800 [hiapk] DEBUG: Scraped from <200 http://apk.hiapk.com/html/2014/01/2226883.html?info=7HK2W5aZ0VM%3D&module=1>
	
	
2014-01-08 13:56:32+0800 [hiapk] DEBUG: Crawled (200) <GET http://apk.hiapk.com/hottopic> (referer: http://apk.hiapk.com/topics)
2014-01-08 13:56:35+0800 [hiapk] DEBUG: Crawled (200) <GET http://apk.hiapk.com/games_81_1_1> (referer: http://apk.hiapk.com/games)
2014-01-08 13:56:37+0800 [hiapk] DEBUG: Crawled (200) <GET http://apk.hiapk.com/apps_287_1_1> (referer: http://apk.hiapk.com/apps)
2014-01-08 13:56:39+0800 [hiapk] DEBUG: Crawled (200) <GET http://apk.hiapk.com/html/2013/05/1487501.html> (referer: http://apk.hiapk.com/Search?keyword=%25u6E38%25u620F)
2014-01-08 13:56:41+0800 [hiapk] DEBUG: Scraped from <200 http://apk.hiapk.com/html/2013/05/1487501.html>
	
	
2014-01-08 13:56:41+0800 [hiapk] DEBUG: Crawled (200) <GET http://apk.hiapk.com/html/2013/02/1211589.html> (referer: http://apk.hiapk.com/Search?keyword=%25u6D4F%25u89C8%25u5668)
2014-01-08 13:56:43+0800 [hiapk] DEBUG: Scraped from <200 http://apk.hiapk.com/html/2013/02/1211589.html>
	
	
2014-01-08 13:56:44+0800 [hiapk] DEBUG: Crawled (200) <GET http://apk.hiapk.com/html/2011/06/138146.html> (referer: http://apk.hiapk.com/Search?keyword=%25u6DD8%25u7C89%25u5427)
2014-01-08 13:56:46+0800 [hiapk] DEBUG: Scraped from <200 http://apk.hiapk.com/html/2011/06/138146.html>
	
	
2014-01-08 13:56:46+0800 [hiapk] DEBUG: Crawled (200) <GET http://apk.hiapk.com/evaluation_194> (referer: http://apk.hiapk.com/evaluation_1116)
2014-01-08 13:56:48+0800 [hiapk] DEBUG: Crawled (200) <GET http://apk.hiapk.com/html/2013/12/2209877.html?info=Q1HmZQZSq06UXih1DP9ijSdZPHk%3D&module=1> (referer: http://apk.hiapk.com/topic_359)
2014-01-08 13:56:50+0800 [hiapk] DEBUG: Scraped from <200 http://apk.hiapk.com/html/2013/12/2209877.html?info=Q1HmZQZSq06UXih1DP9ijSdZPHk%3D&module=1>
	
	
2014-01-08 13:56:50+0800 [hiapk] DEBUG: Crawled (200) <GET http://apk.hiapk.com/html/2014/01/2220464.html?info=Q1HmZQZSq06UXih1DP9ijSdZPHk%3D&module=1> (referer: http://apk.hiapk.com/topic_359)
2014-01-08 13:56:52+0800 [hiapk] DEBUG: Scraped from <200 http://apk.hiapk.com/html/2014/01/2220464.html?info=Q1HmZQZSq06UXih1DP9ijSdZPHk%3D&module=1>
	
	
2014-01-08 13:56:54+0800 [hiapk] DEBUG: Crawled (200) <GET http://apk.hiapk.com/html/2013/11/2027111.html?info=Q1HmZQZSq06UXih1DP9ijSdZPHk%3D&module=1> (referer: http://apk.hiapk.com/topic_359)
2014-01-08 13:56:55+0800 [hiapk] DEBUG: Scraped from <200 http://apk.hiapk.com/html/2013/11/2027111.html?info=Q1HmZQZSq06UXih1DP9ijSdZPHk%3D&module=1>
	
	
2014-01-08 13:56:56+0800 [hiapk] DEBUG: Crawled (200) <GET http://apk.hiapk.com/html/2013/12/2084316.html?info=Q1HmZQZSq06UXih1DP9ijSdZPHk%3D&module=1> (referer: http://apk.hiapk.com/topic_359)
2014-01-08 13:56:57+0800 [hiapk] DEBUG: Scraped from <200 http://apk.hiapk.com/html/2013/12/2084316.html?info=Q1HmZQZSq06UXih1DP9ijSdZPHk%3D&module=1>
	
	
2014-01-08 13:56:59+0800 [hiapk] DEBUG: Crawled (200) <GET http://apk.hiapk.com/html/2013/12/2090604.html?info=Q1HmZQZSq06UXih1DP9ijSdZPHk%3D&module=1> (referer: http://apk.hiapk.com/topic_359)
2014-01-08 13:57:00+0800 [hiapk] DEBUG: Scraped from <200 http://apk.hiapk.com/html/2013/12/2090604.html?info=Q1HmZQZSq06UXih1DP9ijSdZPHk%3D&module=1>
	
	
2014-01-08 13:57:01+0800 [hiapk] DEBUG: Crawled (200) <GET http://apk.hiapk.com/html/2014/01/2217516.html?info=Q1HmZQZSq06UXih1DP9ijSdZPHk%3D&module=1> (referer: http://apk.hiapk.com/topic_359)
2014-01-08 13:57:02+0800 [hiapk] DEBUG: Scraped from <200 http://apk.hiapk.com/html/2014/01/2217516.html?info=Q1HmZQZSq06UXih1DP9ijSdZPHk%3D&module=1>
	
	
2014-01-08 13:57:03+0800 [hiapk] DEBUG: Crawled (200) <GET http://apk.hiapk.com/html/2013/12/2052301.html?info=Q1HmZQZSq06UXih1DP9ijSdZPHk%3D&module=1> (referer: http://apk.hiapk.com/topic_359)
2014-01-08 13:57:04+0800 [hiapk] DEBUG: Scraped from <200 http://apk.hiapk.com/html/2013/12/2052301.html?info=Q1HmZQZSq06UXih1DP9ijSdZPHk%3D&module=1>
	
	
2014-01-08 13:57:05+0800 [hiapk] DEBUG: Crawled (200) <GET http://apk.hiapk.com/html/2013/12/2160718.html?info=Q1HmZQZSq06UXih1DP9ijSdZPHk%3D&module=1> (referer: http://apk.hiapk.com/topic_359)
2014-01-08 13:57:07+0800 [hiapk] DEBUG: Scraped from <200 http://apk.hiapk.com/html/2013/12/2160718.html?info=Q1HmZQZSq06UXih1DP9ijSdZPHk%3D&module=1>
	
	
2014-01-08 13:57:07+0800 [hiapk] DEBUG: Crawled (200) <GET http://apk.hiapk.com/html/2013/12/2183447.html?info=Q1HmZQZSq06UXih1DP9ijSdZPHk%3D&module=1> (referer: http://apk.hiapk.com/topic_359)
2014-01-08 13:57:09+0800 [hiapk] DEBUG: Scraped from <200 http://apk.hiapk.com/html/2013/12/2183447.html?info=Q1HmZQZSq06UXih1DP9ijSdZPHk%3D&module=1>
	
	
2014-01-08 13:57:09+0800 [hiapk] DEBUG: Crawled (200) <GET http://apk.hiapk.com/html/2014/01/2226929.html?info=Q1HmZQZSq06UXih1DP9ijSdZPHk%3D&module=1> (referer: http://apk.hiapk.com/topic_359)
2014-01-08 13:57:16+0800 [hiapk] DEBUG: Scraped from <200 http://apk.hiapk.com/html/2014/01/2226929.html?info=Q1HmZQZSq06UXih1DP9ijSdZPHk%3D&module=1>
	
	
2014-01-08 13:57:16+0800 [hiapk] INFO: Crawled 62 pages (at 24 pages/min), scraped 37 items (at 19 items/min)
2014-01-08 13:57:16+0800 [hiapk] DEBUG: Crawled (200) <GET http://apk.hiapk.com/evaluation_206> (referer: http://apk.hiapk.com/evaluation_1116)
2014-01-08 13:57:17+0800 [hiapk] DEBUG: Crawled (200) <GET http://apk.hiapk.com/evaluation_203> (referer: http://apk.hiapk.com/evaluation_1116)
2014-01-08 13:57:20+0800 [hiapk] DEBUG: Crawled (200) <GET http://apk.hiapk.com/evaluation_167> (referer: http://apk.hiapk.com/evaluation_1116)
2014-01-08 13:57:23+0800 [hiapk] DEBUG: Crawled (200) <GET http://apk.hiapk.com/evaluation_149> (referer: http://apk.hiapk.com/evaluation_1116)
2014-01-08 13:57:25+0800 [hiapk] DEBUG: Crawled (200) <GET http://apk.hiapk.com/html/2013/09/1812285.html> (referer: http://apk.hiapk.com/Search?keyword=%25u6DD8%25u7C89%25u5427)
2014-01-08 13:57:27+0800 [hiapk] DEBUG: Scraped from <200 http://apk.hiapk.com/html/2013/09/1812285.html>
	
	
2014-01-08 13:57:28+0800 [hiapk] DEBUG: Crawled (200) <GET http://apk.hiapk.com/html/2013/05/1492522.html> (referer: http://apk.hiapk.com/Search?keyword=%25u6DD8%25u7C89%25u5427)
2014-01-08 13:57:30+0800 [hiapk] DEBUG: Scraped from <200 http://apk.hiapk.com/html/2013/05/1492522.html>
	
	
2014-01-08 13:57:31+0800 [hiapk] DEBUG: Crawled (200) <GET http://apk.hiapk.com/html/2013/04/1406198.html> (referer: http://apk.hiapk.com/Search?keyword=%25u6DD8%25u7C89%25u5427)
2014-01-08 13:57:33+0800 [hiapk] DEBUG: Scraped from <200 http://apk.hiapk.com/html/2013/04/1406198.html>
	
	
2014-01-08 13:57:34+0800 [hiapk] DEBUG: Crawled (200) <GET http://apk.hiapk.com/html/2011/04/31384.html> (referer: http://apk.hiapk.com/Search?keyword=%25u6DD8%25u7C89%25u5427)
2014-01-08 13:57:36+0800 [hiapk] DEBUG: Scraped from <200 http://apk.hiapk.com/html/2011/04/31384.html>
	
	
2014-01-08 13:57:36+0800 [hiapk] DEBUG: Crawled (200) <GET http://apk.hiapk.com/html/2012/09/859182.html> (referer: http://apk.hiapk.com/Search?keyword=%25u6DD8%25u7C89%25u5427)
2014-01-08 13:57:38+0800 [hiapk] DEBUG: Scraped from <200 http://apk.hiapk.com/html/2012/09/859182.html>
	
	
2014-01-08 13:57:38+0800 [hiapk] DEBUG: Crawled (200) <GET http://apk.hiapk.com/html/2013/09/1820040.html> (referer: http://apk.hiapk.com/Search?keyword=%25u6DD8%25u7C89%25u5427)
2014-01-08 13:57:41+0800 [hiapk] DEBUG: Scraped from <200 http://apk.hiapk.com/html/2013/09/1820040.html>
	
	
2014-01-08 13:57:41+0800 [hiapk] DEBUG: Crawled (200) <GET http://apk.hiapk.com/html/2013/05/1470709.html> (referer: http://apk.hiapk.com/Search?keyword=%25u6DD8%25u7C89%25u5427)
2014-01-08 13:57:43+0800 [hiapk] DEBUG: Scraped from <200 http://apk.hiapk.com/html/2013/05/1470709.html>
	
	
2014-01-08 13:57:43+0800 [hiapk] DEBUG: Crawled (200) <GET http://apk.hiapk.com/html/2013/01/1155299.html> (referer: http://apk.hiapk.com/Search?keyword=%25u6DD8%25u7C89%25u5427)
2014-01-08 13:57:45+0800 [hiapk] DEBUG: Scraped from <200 http://apk.hiapk.com/html/2013/01/1155299.html>
	
	
2014-01-08 13:57:46+0800 [hiapk] DEBUG: Crawled (200) <GET http://apk.hiapk.com/html/2013/09/1851479.html> (referer: http://apk.hiapk.com/Search?keyword=%25u6DD8%25u7C89%25u5427)
2014-01-08 13:57:48+0800 [hiapk] DEBUG: Scraped from <200 http://apk.hiapk.com/html/2013/09/1851479.html>
	
	
2014-01-08 13:57:48+0800 [hiapk] DEBUG: Crawled (200) <GET http://apk.hiapk.com/html/2011/08/191053.html> (referer: http://apk.hiapk.com/Search?keyword=%25u6D4F%25u89C8%25u5668)
2014-01-08 13:57:55+0800 [hiapk] DEBUG: Scraped from <200 http://apk.hiapk.com/html/2011/08/191053.html>
	
	
2014-01-08 13:57:55+0800 [hiapk] DEBUG: Crawled (200) <GET http://apk.hiapk.com/html/2013/06/1492025.html> (referer: http://apk.hiapk.com/Search?keyword=%25u6D4F%25u89C8%25u5668)
2014-01-08 13:57:57+0800 [hiapk] DEBUG: Scraped from <200 http://apk.hiapk.com/html/2013/06/1492025.html>
	
	
2014-01-08 13:57:57+0800 [hiapk] DEBUG: Crawled (200) <GET http://apk.hiapk.com/html/2013/03/1252131.html> (referer: http://apk.hiapk.com/Search?keyword=%25u6D4F%25u89C8%25u5668)
2014-01-08 13:57:59+0800 [hiapk] DEBUG: Scraped from <200 http://apk.hiapk.com/html/2013/03/1252131.html>
	
	
2014-01-08 13:58:00+0800 [hiapk] DEBUG: Crawled (200) <GET http://apk.hiapk.com/html/2013/01/1107319.html> (referer: http://apk.hiapk.com/Search?keyword=%25u6D4F%25u89C8%25u5668)
2014-01-08 13:58:02+0800 [hiapk] DEBUG: Scraped from <200 http://apk.hiapk.com/html/2013/01/1107319.html>
	
	
2014-01-08 13:58:02+0800 [hiapk] DEBUG: Crawled (200) <GET http://apk.hiapk.com/html/2012/06/654968.html> (referer: http://apk.hiapk.com/Search?keyword=%25u6D4F%25u89C8%25u5668)
2014-01-08 13:58:09+0800 [hiapk] DEBUG: Scraped from <200 http://apk.hiapk.com/html/2012/06/654968.html>
	
	
2014-01-08 13:58:09+0800 [hiapk] DEBUG: Crawled (200) <GET http://apk.hiapk.com/html/2012/11/980592.html> (referer: http://apk.hiapk.com/Search?keyword=%25u6D4F%25u89C8%25u5668)
2014-01-08 13:58:11+0800 [hiapk] DEBUG: Scraped from <200 http://apk.hiapk.com/html/2012/11/980592.html>
	
	
2014-01-08 13:58:11+0800 [hiapk] INFO: Crawled 81 pages (at 19 pages/min), scraped 52 items (at 15 items/min)
2014-01-08 13:58:12+0800 [hiapk] DEBUG: Crawled (200) <GET http://apk.hiapk.com/html/2011/06/146087.html> (referer: http://apk.hiapk.com/Search?keyword=%25u6D4F%25u89C8%25u5668)
2014-01-08 13:58:19+0800 [hiapk] DEBUG: Scraped from <200 http://apk.hiapk.com/html/2011/06/146087.html>
	
	
2014-01-08 13:58:19+0800 [hiapk] DEBUG: Crawled (200) <GET http://apk.hiapk.com/html/2012/08/798939.html> (referer: http://apk.hiapk.com/Search?keyword=%25u6D4F%25u89C8%25u5668)
2014-01-08 13:58:21+0800 [hiapk] DEBUG: Scraped from <200 http://apk.hiapk.com/html/2012/08/798939.html>
	
	
2014-01-08 13:58:21+0800 [hiapk] DEBUG: Crawled (200) <GET http://apk.hiapk.com/html/2013/06/1524684.html> (referer: http://apk.hiapk.com/Search?keyword=%25u6D4F%25u89C8%25u5668)
2014-01-08 13:58:23+0800 [hiapk] DEBUG: Scraped from <200 http://apk.hiapk.com/html/2013/06/1524684.html>
	
	
2014-01-08 13:58:23+0800 [hiapk] DEBUG: Crawled (200) <GET http://apk.hiapk.com/html/2013/05/1455617.html?info=JQB1ADYARAA0AEYAJQB1ADgAOQBDADgAJQB1ADUANgA2ADgA&module=256> (referer: http://apk.hiapk.com/Search?keyword=%25u6D4F%25u89C8%25u5668)
2014-01-08 13:58:25+0800 [hiapk] DEBUG: Scraped from <200 http://apk.hiapk.com/html/2013/05/1455617.html?info=JQB1ADYARAA0AEYAJQB1ADgAOQBDADgAJQB1ADUANgA2ADgA&module=256>
	
	
2014-01-08 13:58:25+0800 [hiapk] DEBUG: Crawled (200) <GET http://apk.hiapk.com/html/2013/10/1865521.html> (referer: http://apk.hiapk.com/Search?keyword=%25u6E38%25u620F)
2014-01-08 13:58:35+0800 [hiapk] DEBUG: Scraped from <200 http://apk.hiapk.com/html/2013/10/1865521.html>
	
	
2014-01-08 13:58:36+0800 [hiapk] DEBUG: Crawled (200) <GET http://apk.hiapk.com/html/2012/06/661007.html> (referer: http://apk.hiapk.com/Search?keyword=%25u6E38%25u620F)
2014-01-08 13:58:47+0800 [hiapk] DEBUG: Scraped from <200 http://apk.hiapk.com/html/2012/06/661007.html>
	
	
2014-01-08 13:58:48+0800 [hiapk] DEBUG: Crawled (200) <GET http://apk.hiapk.com/html/2013/11/2028670.html> (referer: http://apk.hiapk.com/Search?keyword=%25u6E38%25u620F)
2014-01-08 13:58:54+0800 [scrapy] INFO: Received SIGTERM, shutting down gracefully. Send again to force 
2014-01-08 13:58:55+0800 [hiapk] DEBUG: Scraped from <200 http://apk.hiapk.com/html/2013/11/2028670.html>
	
	
2014-01-08 13:58:55+0800 [hiapk] INFO: Closing spider (shutdown)
2014-01-08 13:58:56+0800 [hiapk] DEBUG: Crawled (200) <GET http://apk.hiapk.com/html/2013/02/1191784.html> (referer: http://apk.hiapk.com/Search?keyword=%25u6E38%25u620F)
2014-01-08 13:58:58+0800 [hiapk] DEBUG: Scraped from <200 http://apk.hiapk.com/html/2013/02/1191784.html>
	
	
2014-01-08 13:58:59+0800 [hiapk] DEBUG: Crawled (200) <GET http://apk.hiapk.com/html/2013/12/2060931.html> (referer: http://apk.hiapk.com/Search?keyword=%25u6E38%25u620F)
